The system is: Linux - 4.18.0-425.3.1.el8.x86_64 - x86_64
Compiling the C compiler identification source file "CMakeCCompilerId.c" succeeded.
Compiler: /mnt/share/gcc-13.1/bin/gcc 
Build flags: 
Id flags:  

The output was:
0


Compilation of the C compiler identification source "CMakeCCompilerId.c" produced "a.out"

The C compiler identification is GNU, found in "/mnt/share/users/kasra/projects/LidDrivenCavity/final/gcc/buildavx512/CMakeFiles/3.20.2/CompilerIdC/a.out"

Compiling the CXX compiler identification source file "CMakeCXXCompilerId.cpp" succeeded.
Compiler: /mnt/share/gcc-13.1/bin/g++ 
Build flags: 
Id flags:  

The output was:
0


Compilation of the CXX compiler identification source "CMakeCXXCompilerId.cpp" produced "a.out"

The CXX compiler identification is GNU, found in "/mnt/share/users/kasra/projects/LidDrivenCavity/final/gcc/buildavx512/CMakeFiles/3.20.2/CompilerIdCXX/a.out"

Detecting C compiler ABI info compiled with the following output:
Change Dir: /mnt/share/users/kasra/projects/LidDrivenCavity/final/gcc/buildavx512/CMakeFiles/CMakeTmp

Run Build Command(s):/usr/bin/gmake -f Makefile cmTC_d22fb/fast && /usr/bin/gmake  -f CMakeFiles/cmTC_d22fb.dir/build.make CMakeFiles/cmTC_d22fb.dir/build
gmake[1]: Entering directory '/mnt/share/users/kasra/projects/LidDrivenCavity/final/gcc/buildavx512/CMakeFiles/CMakeTmp'
Building C object CMakeFiles/cmTC_d22fb.dir/CMakeCCompilerABI.c.o
/mnt/share/gcc-13.1/bin/gcc   -v -o CMakeFiles/cmTC_d22fb.dir/CMakeCCompilerABI.c.o -c /usr/share/cmake/Modules/CMakeCCompilerABI.c
Using built-in specs.
COLLECT_GCC=/mnt/share/gcc-13.1/bin/gcc
Target: x86_64-pc-linux-gnu
Configured with: ./configure --prefix=/mnt/share/users/jjavansh/installations/gcc-13.1
Thread model: posix
Supported LTO compression algorithms: zlib zstd
gcc version 13.1.0 (GCC) 
COLLECT_GCC_OPTIONS='-v' '-o' 'CMakeFiles/cmTC_d22fb.dir/CMakeCCompilerABI.c.o' '-c' '-mtune=generic' '-march=x86-64' '-dumpdir' 'CMakeFiles/cmTC_d22fb.dir/'
 /mnt/share/gcc-13.1/bin/../libexec/gcc/x86_64-pc-linux-gnu/13.1.0/cc1 -quiet -v -iprefix /mnt/share/gcc-13.1/bin/../lib/gcc/x86_64-pc-linux-gnu/13.1.0/ /usr/share/cmake/Modules/CMakeCCompilerABI.c -quiet -dumpdir CMakeFiles/cmTC_d22fb.dir/ -dumpbase CMakeCCompilerABI.c.c -dumpbase-ext .c -mtune=generic -march=x86-64 -version -o /tmp/ccuwdF8b.s
GNU C17 (GCC) version 13.1.0 (x86_64-pc-linux-gnu)
	compiled by GNU C version 13.1.0, GMP version 6.2.1, MPFR version 4.1.0, MPC version 1.2.1, isl version isl-0.24-GMP

GGC heuristics: --param ggc-min-expand=100 --param ggc-min-heapsize=131072
ignoring duplicate directory "/mnt/share/tools/aocc/AOCC_4.0/aocc-compiler-rel-4.0-3206-145/include"
ignoring duplicate directory "/mnt/share/tools/aocc/AOCC_4.0/aocc-compiler-rel-4.0-3206-145/include"
ignoring duplicate directory "/mnt/share/tools/aocc/AOCC_4.0/aocc-compiler-rel-4.0-3206-145/include"
ignoring duplicate directory "/mnt/share/tools/aocc/AOCC_4.0/aocc-compiler-rel-4.0-3206-145/include"
ignoring duplicate directory "/mnt/share/tools/aocc/AOCC_4.0/aocc-compiler-rel-4.0-3206-145/include"
ignoring duplicate directory "/mnt/share/tools/aocc/AOCC_4.0/aocc-compiler-rel-4.0-3206-145/include"
ignoring duplicate directory "/mnt/share/tools/aocc/AOCC_4.0/aocc-compiler-rel-4.0-3206-145/include"
ignoring duplicate directory "/mnt/share/tools/aocc/AOCC_4.0/aocc-compiler-rel-4.0-3206-145/include"
ignoring duplicate directory "/mnt/share/tools/aocc/AOCC_4.0/aocc-compiler-rel-4.0-3206-145/include"
ignoring nonexistent directory "/mnt/share/gcc-13.1/bin/../lib/gcc/x86_64-pc-linux-gnu/13.1.0/../../../../x86_64-pc-linux-gnu/include"
ignoring duplicate directory "/mnt/share/gcc-13.1/bin/../lib/gcc/../../lib/gcc/x86_64-pc-linux-gnu/13.1.0/include"
ignoring duplicate directory "/mnt/share/gcc-13.1/bin/../lib/gcc/../../lib/gcc/x86_64-pc-linux-gnu/13.1.0/include-fixed"
ignoring nonexistent directory "/mnt/share/gcc-13.1/bin/../lib/gcc/../../lib/gcc/x86_64-pc-linux-gnu/13.1.0/../../../../x86_64-pc-linux-gnu/include"
#include "..." search starts here:
#include <...> search starts here:
 .
 /mnt/share/tools/aocc/AOCC_4.0/aocc-compiler-rel-4.0-3206-145/include
 /mnt/share/gcc-13.1/bin/../lib/gcc/x86_64-pc-linux-gnu/13.1.0/include
 /mnt/share/gcc-13.1/bin/../lib/gcc/x86_64-pc-linux-gnu/13.1.0/include-fixed
 /usr/local/include
 /mnt/share/gcc-13.1/bin/../lib/gcc/../../include
 /usr/include
End of search list.
Compiler executable checksum: b4cb59a50ade2c3f4779f0ce3ea5d747
COLLECT_GCC_OPTIONS='-v' '-o' 'CMakeFiles/cmTC_d22fb.dir/CMakeCCompilerABI.c.o' '-c' '-mtune=generic' '-march=x86-64' '-dumpdir' 'CMakeFiles/cmTC_d22fb.dir/'
 as -v --64 -o CMakeFiles/cmTC_d22fb.dir/CMakeCCompilerABI.c.o /tmp/ccuwdF8b.s
GNU assembler version 2.30 (x86_64-redhat-linux) using BFD version version 2.30-117.el8
COMPILER_PATH=/mnt/share/gcc-13.1/bin/../libexec/gcc/x86_64-pc-linux-gnu/13.1.0/:/mnt/share/gcc-13.1/bin/../libexec/gcc/
LIBRARY_PATH=/mnt/share/gcc-13.1/bin/../lib/gcc/x86_64-pc-linux-gnu/13.1.0/:/mnt/share/gcc-13.1/bin/../lib/gcc/:/usr/lib64/../lib64/:/usr/lib/../lib64/:/usr/lib64/../lib64/:/usr/lib/../lib64/:/usr/lib64/../lib64/:/usr/lib/../lib64/:/usr/lib64/../lib64/:/usr/lib/../lib64/:/usr/lib64/../lib64/:/usr/lib/../lib64/:/usr/lib64/../lib64/:/usr/lib/../lib64/:/usr/lib64/../lib64/:/usr/lib/../lib64/:/usr/lib64/../lib64/:/usr/lib/../lib64/:/usr/lib64/../lib64/:/usr/lib/../lib64/:/usr/lib64/../lib64/:/usr/lib/../lib64/:/mnt/share/gcc-13.1/bin/../lib/gcc/x86_64-pc-linux-gnu/13.1.0/../../../../lib64/:/lib/../lib64/:/usr/lib/../lib64/:/mnt/share/tools/aocc/AOCC_4.0/aocc-compiler-rel-4.0-3206-145/lib/:/mnt/share/tools/aocc/AOCC_4.0/aocc-compiler-rel-4.0-3206-145/lib32/:/usr/lib64/:/usr/lib/:/mnt/share/tools/aocc/AOCC_4.0/aocc-compiler-rel-4.0-3206-145/lib/:/mnt/share/tools/aocc/AOCC_4.0/aocc-compiler-rel-4.0-3206-145/lib32/:/usr/lib64/:/usr/lib/:/mnt/share/tools/aocc/AOCC_4.0/aocc-compiler-rel-4.0-3206-145/lib/:/mnt/share/tools/aocc/AOCC_4.0/aocc-compiler-rel-4.0-3206-145/lib32/:/usr/lib64/:/usr/lib/:/mnt/share/tools/aocc/AOCC_4.0/aocc-compiler-rel-4.0-3206-145/lib/:/mnt/share/tools/aocc/AOCC_4.0/aocc-compiler-rel-4.0-3206-145/lib32/:/usr/lib64/:/usr/lib/:/mnt/share/tools/aocc/AOCC_4.0/aocc-compiler-rel-4.0-3206-145/lib/:/mnt/share/tools/aocc/AOCC_4.0/aocc-compiler-rel-4.0-3206-145/lib32/:/usr/lib64/:/usr/lib/:/mnt/share/tools/aocc/AOCC_4.0/aocc-compiler-rel-4.0-3206-145/lib/:/mnt/share/tools/aocc/AOCC_4.0/aocc-compiler-rel-4.0-3206-145/lib32/:/usr/lib64/:/usr/lib/:/mnt/share/tools/aocc/AOCC_4.0/aocc-compiler-rel-4.0-3206-145/lib/:/mnt/share/tools/aocc/AOCC_4.0/aocc-compiler-rel-4.0-3206-145/lib32/:/usr/lib64/:/usr/lib/:/mnt/share/tools/aocc/AOCC_4.0/aocc-compiler-rel-4.0-3206-145/lib/:/mnt/share/tools/aocc/AOCC_4.0/aocc-compiler-rel-4.0-3206-145/lib32/:/usr/lib64/:/usr/lib/:/mnt/share/tools/aocc/AOCC_4.0/aocc-compiler-rel-4.0-3206-145/lib/:/mnt/share/tools/aocc/AOCC_4.0/aocc-compiler-rel-4.0-3206-145/lib32/:/usr/lib64/:/usr/lib/:/mnt/share/tools/aocc/AOCC_4.0/aocc-compiler-rel-4.0-3206-145/lib/:/mnt/share/tools/aocc/AOCC_4.0/aocc-compiler-rel-4.0-3206-145/lib32/:/usr/lib64/:/usr/lib/:./:/mnt/share/gcc-13.1/bin/../lib/gcc/x86_64-pc-linux-gnu/13.1.0/../../../:/lib/:/usr/lib/
COLLECT_GCC_OPTIONS='-v' '-o' 'CMakeFiles/cmTC_d22fb.dir/CMakeCCompilerABI.c.o' '-c' '-mtune=generic' '-march=x86-64' '-dumpdir' 'CMakeFiles/cmTC_d22fb.dir/CMakeCCompilerABI.c.'
Linking C executable cmTC_d22fb
/usr/bin/cmake -E cmake_link_script CMakeFiles/cmTC_d22fb.dir/link.txt --verbose=1
/mnt/share/gcc-13.1/bin/gcc  -v -rdynamic CMakeFiles/cmTC_d22fb.dir/CMakeCCompilerABI.c.o -o cmTC_d22fb 
Using built-in specs.
COLLECT_GCC=/mnt/share/gcc-13.1/bin/gcc
COLLECT_LTO_WRAPPER=/mnt/share/gcc-13.1/bin/../libexec/gcc/x86_64-pc-linux-gnu/13.1.0/lto-wrapper
Target: x86_64-pc-linux-gnu
Configured with: ./configure --prefix=/mnt/share/users/jjavansh/installations/gcc-13.1
Thread model: posix
Supported LTO compression algorithms: zlib zstd
gcc version 13.1.0 (GCC) 
COMPILER_PATH=/mnt/share/gcc-13.1/bin/../libexec/gcc/x86_64-pc-linux-gnu/13.1.0/:/mnt/share/gcc-13.1/bin/../libexec/gcc/
LIBRARY_PATH=/mnt/share/gcc-13.1/bin/../lib/gcc/x86_64-pc-linux-gnu/13.1.0/:/mnt/share/gcc-13.1/bin/../lib/gcc/:/usr/lib64/../lib64/:/usr/lib/../lib64/:/usr/lib64/../lib64/:/usr/lib/../lib64/:/usr/lib64/../lib64/:/usr/lib/../lib64/:/usr/lib64/../lib64/:/usr/lib/../lib64/:/usr/lib64/../lib64/:/usr/lib/../lib64/:/usr/lib64/../lib64/:/usr/lib/../lib64/:/usr/lib64/../lib64/:/usr/lib/../lib64/:/usr/lib64/../lib64/:/usr/lib/../lib64/:/usr/lib64/../lib64/:/usr/lib/../lib64/:/usr/lib64/../lib64/:/usr/lib/../lib64/:/mnt/share/gcc-13.1/bin/../lib/gcc/x86_64-pc-linux-gnu/13.1.0/../../../../lib64/:/lib/../lib64/:/usr/lib/../lib64/:/mnt/share/tools/aocc/AOCC_4.0/aocc-compiler-rel-4.0-3206-145/lib/:/mnt/share/tools/aocc/AOCC_4.0/aocc-compiler-rel-4.0-3206-145/lib32/:/usr/lib64/:/usr/lib/:/mnt/share/tools/aocc/AOCC_4.0/aocc-compiler-rel-4.0-3206-145/lib/:/mnt/share/tools/aocc/AOCC_4.0/aocc-compiler-rel-4.0-3206-145/lib32/:/usr/lib64/:/usr/lib/:/mnt/share/tools/aocc/AOCC_4.0/aocc-compiler-rel-4.0-3206-145/lib/:/mnt/share/tools/aocc/AOCC_4.0/aocc-compiler-rel-4.0-3206-145/lib32/:/usr/lib64/:/usr/lib/:/mnt/share/tools/aocc/AOCC_4.0/aocc-compiler-rel-4.0-3206-145/lib/:/mnt/share/tools/aocc/AOCC_4.0/aocc-compiler-rel-4.0-3206-145/lib32/:/usr/lib64/:/usr/lib/:/mnt/share/tools/aocc/AOCC_4.0/aocc-compiler-rel-4.0-3206-145/lib/:/mnt/share/tools/aocc/AOCC_4.0/aocc-compiler-rel-4.0-3206-145/lib32/:/usr/lib64/:/usr/lib/:/mnt/share/tools/aocc/AOCC_4.0/aocc-compiler-rel-4.0-3206-145/lib/:/mnt/share/tools/aocc/AOCC_4.0/aocc-compiler-rel-4.0-3206-145/lib32/:/usr/lib64/:/usr/lib/:/mnt/share/tools/aocc/AOCC_4.0/aocc-compiler-rel-4.0-3206-145/lib/:/mnt/share/tools/aocc/AOCC_4.0/aocc-compiler-rel-4.0-3206-145/lib32/:/usr/lib64/:/usr/lib/:/mnt/share/tools/aocc/AOCC_4.0/aocc-compiler-rel-4.0-3206-145/lib/:/mnt/share/tools/aocc/AOCC_4.0/aocc-compiler-rel-4.0-3206-145/lib32/:/usr/lib64/:/usr/lib/:/mnt/share/tools/aocc/AOCC_4.0/aocc-compiler-rel-4.0-3206-145/lib/:/mnt/share/tools/aocc/AOCC_4.0/aocc-compiler-rel-4.0-3206-145/lib32/:/usr/lib64/:/usr/lib/:/mnt/share/tools/aocc/AOCC_4.0/aocc-compiler-rel-4.0-3206-145/lib/:/mnt/share/tools/aocc/AOCC_4.0/aocc-compiler-rel-4.0-3206-145/lib32/:/usr/lib64/:/usr/lib/:./:/mnt/share/gcc-13.1/bin/../lib/gcc/x86_64-pc-linux-gnu/13.1.0/../../../:/lib/:/usr/lib/
COLLECT_GCC_OPTIONS='-v' '-rdynamic' '-o' 'cmTC_d22fb' '-mtune=generic' '-march=x86-64' '-dumpdir' 'cmTC_d22fb.'
 /mnt/share/gcc-13.1/bin/../libexec/gcc/x86_64-pc-linux-gnu/13.1.0/collect2 -plugin /mnt/share/gcc-13.1/bin/../libexec/gcc/x86_64-pc-linux-gnu/13.1.0/liblto_plugin.so -plugin-opt=/mnt/share/gcc-13.1/bin/../libexec/gcc/x86_64-pc-linux-gnu/13.1.0/lto-wrapper -plugin-opt=-fresolution=/tmp/ccsAWrH7.res -plugin-opt=-pass-through=-lgcc -plugin-opt=-pass-through=-lgcc_s -plugin-opt=-pass-through=-lc -plugin-opt=-pass-through=-lgcc -plugin-opt=-pass-through=-lgcc_s --eh-frame-hdr -m elf_x86_64 -export-dynamic -dynamic-linker /lib64/ld-linux-x86-64.so.2 -o cmTC_d22fb /usr/lib64/../lib64/crt1.o /usr/lib64/../lib64/crti.o /mnt/share/gcc-13.1/bin/../lib/gcc/x86_64-pc-linux-gnu/13.1.0/crtbegin.o -L/mnt/share/gcc-13.1/bin/../lib/gcc/x86_64-pc-linux-gnu/13.1.0 -L/mnt/share/gcc-13.1/bin/../lib/gcc -L/usr/lib64/../lib64 -L/usr/lib/../lib64 -L/usr/lib64/../lib64 -L/usr/lib/../lib64 -L/usr/lib64/../lib64 -L/usr/lib/../lib64 -L/usr/lib64/../lib64 -L/usr/lib/../lib64 -L/usr/lib64/../lib64 -L/usr/lib/../lib64 -L/usr/lib64/../lib64 -L/usr/lib/../lib64 -L/usr/lib64/../lib64 -L/usr/lib/../lib64 -L/usr/lib64/../lib64 -L/usr/lib/../lib64 -L/usr/lib64/../lib64 -L/usr/lib/../lib64 -L/usr/lib64/../lib64 -L/usr/lib/../lib64 -L/mnt/share/gcc-13.1/bin/../lib/gcc/x86_64-pc-linux-gnu/13.1.0/../../../../lib64 -L/lib/../lib64 -L/usr/lib/../lib64 -L/mnt/share/tools/aocc/AOCC_4.0/aocc-compiler-rel-4.0-3206-145/lib -L/mnt/share/tools/aocc/AOCC_4.0/aocc-compiler-rel-4.0-3206-145/lib32 -L/usr/lib64 -L/mnt/share/tools/aocc/AOCC_4.0/aocc-compiler-rel-4.0-3206-145/lib -L/mnt/share/tools/aocc/AOCC_4.0/aocc-compiler-rel-4.0-3206-145/lib32 -L/usr/lib64 -L/mnt/share/tools/aocc/AOCC_4.0/aocc-compiler-rel-4.0-3206-145/lib -L/mnt/share/tools/aocc/AOCC_4.0/aocc-compiler-rel-4.0-3206-145/lib32 -L/usr/lib64 -L/mnt/share/tools/aocc/AOCC_4.0/aocc-compiler-rel-4.0-3206-145/lib -L/mnt/share/tools/aocc/AOCC_4.0/aocc-compiler-rel-4.0-3206-145/lib32 -L/usr/lib64 -L/mnt/share/tools/aocc/AOCC_4.0/aocc-compiler-rel-4.0-3206-145/lib -L/mnt/share/tools/aocc/AOCC_4.0/aocc-compiler-rel-4.0-3206-145/lib32 -L/usr/lib64 -L/mnt/share/tools/aocc/AOCC_4.0/aocc-compiler-rel-4.0-3206-145/lib -L/mnt/share/tools/aocc/AOCC_4.0/aocc-compiler-rel-4.0-3206-145/lib32 -L/usr/lib64 -L/mnt/share/tools/aocc/AOCC_4.0/aocc-compiler-rel-4.0-3206-145/lib -L/mnt/share/tools/aocc/AOCC_4.0/aocc-compiler-rel-4.0-3206-145/lib32 -L/usr/lib64 -L/mnt/share/tools/aocc/AOCC_4.0/aocc-compiler-rel-4.0-3206-145/lib -L/mnt/share/tools/aocc/AOCC_4.0/aocc-compiler-rel-4.0-3206-145/lib32 -L/usr/lib64 -L/mnt/share/tools/aocc/AOCC_4.0/aocc-compiler-rel-4.0-3206-145/lib -L/mnt/share/tools/aocc/AOCC_4.0/aocc-compiler-rel-4.0-3206-145/lib32 -L/usr/lib64 -L/mnt/share/tools/aocc/AOCC_4.0/aocc-compiler-rel-4.0-3206-145/lib -L/mnt/share/tools/aocc/AOCC_4.0/aocc-compiler-rel-4.0-3206-145/lib32 -L/usr/lib64 -L. -L/mnt/share/gcc-13.1/bin/../lib/gcc/x86_64-pc-linux-gnu/13.1.0/../../.. CMakeFiles/cmTC_d22fb.dir/CMakeCCompilerABI.c.o -lgcc --push-state --as-needed -lgcc_s --pop-state -lc -lgcc --push-state --as-needed -lgcc_s --pop-state /mnt/share/gcc-13.1/bin/../lib/gcc/x86_64-pc-linux-gnu/13.1.0/crtend.o /usr/lib64/../lib64/crtn.o
COLLECT_GCC_OPTIONS='-v' '-rdynamic' '-o' 'cmTC_d22fb' '-mtune=generic' '-march=x86-64' '-dumpdir' 'cmTC_d22fb.'
gmake[1]: Leaving directory '/mnt/share/users/kasra/projects/LidDrivenCavity/final/gcc/buildavx512/CMakeFiles/CMakeTmp'



Parsed C implicit include dir info from above output: rv=done
  found start of include info
  found start of implicit include info
    add: [.]
    add: [/mnt/share/tools/aocc/AOCC_4.0/aocc-compiler-rel-4.0-3206-145/include]
    add: [/mnt/share/gcc-13.1/bin/../lib/gcc/x86_64-pc-linux-gnu/13.1.0/include]
    add: [/mnt/share/gcc-13.1/bin/../lib/gcc/x86_64-pc-linux-gnu/13.1.0/include-fixed]
    add: [/usr/local/include]
    add: [/mnt/share/gcc-13.1/bin/../lib/gcc/../../include]
    add: [/usr/include]
  end of search list found
  skipping relative include dir [.]
  collapse include dir [/mnt/share/tools/aocc/AOCC_4.0/aocc-compiler-rel-4.0-3206-145/include] ==> [/mnt/share/tools/aocc/AOCC_4.0/aocc-compiler-rel-4.0-3206-145/include]
  collapse include dir [/mnt/share/gcc-13.1/bin/../lib/gcc/x86_64-pc-linux-gnu/13.1.0/include] ==> [/mnt/share/gcc-13.1/lib/gcc/x86_64-pc-linux-gnu/13.1.0/include]
  collapse include dir [/mnt/share/gcc-13.1/bin/../lib/gcc/x86_64-pc-linux-gnu/13.1.0/include-fixed] ==> [/mnt/share/gcc-13.1/lib/gcc/x86_64-pc-linux-gnu/13.1.0/include-fixed]
  collapse include dir [/usr/local/include] ==> [/usr/local/include]
  collapse include dir [/mnt/share/gcc-13.1/bin/../lib/gcc/../../include] ==> [/mnt/share/gcc-13.1/include]
  collapse include dir [/usr/include] ==> [/usr/include]
  implicit include dirs: [/mnt/share/tools/aocc/AOCC_4.0/aocc-compiler-rel-4.0-3206-145/include;/mnt/share/gcc-13.1/lib/gcc/x86_64-pc-linux-gnu/13.1.0/include;/mnt/share/gcc-13.1/lib/gcc/x86_64-pc-linux-gnu/13.1.0/include-fixed;/usr/local/include;/mnt/share/gcc-13.1/include;/usr/include]


Parsed C implicit link information from above output:
  link line regex: [^( *|.*[/\])(ld|CMAKE_LINK_STARTFILE-NOTFOUND|([^/\]+-)?ld|collect2)[^/\]*( |$)]
  ignore line: [Change Dir: /mnt/share/users/kasra/projects/LidDrivenCavity/final/gcc/buildavx512/CMakeFiles/CMakeTmp]
  ignore line: []
  ignore line: [Run Build Command(s):/usr/bin/gmake -f Makefile cmTC_d22fb/fast && /usr/bin/gmake  -f CMakeFiles/cmTC_d22fb.dir/build.make CMakeFiles/cmTC_d22fb.dir/build]
  ignore line: [gmake[1]: Entering directory '/mnt/share/users/kasra/projects/LidDrivenCavity/final/gcc/buildavx512/CMakeFiles/CMakeTmp']
  ignore line: [Building C object CMakeFiles/cmTC_d22fb.dir/CMakeCCompilerABI.c.o]
  ignore line: [/mnt/share/gcc-13.1/bin/gcc   -v -o CMakeFiles/cmTC_d22fb.dir/CMakeCCompilerABI.c.o -c /usr/share/cmake/Modules/CMakeCCompilerABI.c]
  ignore line: [Using built-in specs.]
  ignore line: [COLLECT_GCC=/mnt/share/gcc-13.1/bin/gcc]
  ignore line: [Target: x86_64-pc-linux-gnu]
  ignore line: [Configured with: ./configure --prefix=/mnt/share/users/jjavansh/installations/gcc-13.1]
  ignore line: [Thread model: posix]
  ignore line: [Supported LTO compression algorithms: zlib zstd]
  ignore line: [gcc version 13.1.0 (GCC) ]
  ignore line: [COLLECT_GCC_OPTIONS='-v' '-o' 'CMakeFiles/cmTC_d22fb.dir/CMakeCCompilerABI.c.o' '-c' '-mtune=generic' '-march=x86-64' '-dumpdir' 'CMakeFiles/cmTC_d22fb.dir/']
  ignore line: [ /mnt/share/gcc-13.1/bin/../libexec/gcc/x86_64-pc-linux-gnu/13.1.0/cc1 -quiet -v -iprefix /mnt/share/gcc-13.1/bin/../lib/gcc/x86_64-pc-linux-gnu/13.1.0/ /usr/share/cmake/Modules/CMakeCCompilerABI.c -quiet -dumpdir CMakeFiles/cmTC_d22fb.dir/ -dumpbase CMakeCCompilerABI.c.c -dumpbase-ext .c -mtune=generic -march=x86-64 -version -o /tmp/ccuwdF8b.s]
  ignore line: [GNU C17 (GCC) version 13.1.0 (x86_64-pc-linux-gnu)]
  ignore line: [	compiled by GNU C version 13.1.0  GMP version 6.2.1  MPFR version 4.1.0  MPC version 1.2.1  isl version isl-0.24-GMP]
  ignore line: []
  ignore line: [GGC heuristics: --param ggc-min-expand=100 --param ggc-min-heapsize=131072]
  ignore line: [ignoring duplicate directory "/mnt/share/tools/aocc/AOCC_4.0/aocc-compiler-rel-4.0-3206-145/include"]
  ignore line: [ignoring duplicate directory "/mnt/share/tools/aocc/AOCC_4.0/aocc-compiler-rel-4.0-3206-145/include"]
  ignore line: [ignoring duplicate directory "/mnt/share/tools/aocc/AOCC_4.0/aocc-compiler-rel-4.0-3206-145/include"]
  ignore line: [ignoring duplicate directory "/mnt/share/tools/aocc/AOCC_4.0/aocc-compiler-rel-4.0-3206-145/include"]
  ignore line: [ignoring duplicate directory "/mnt/share/tools/aocc/AOCC_4.0/aocc-compiler-rel-4.0-3206-145/include"]
  ignore line: [ignoring duplicate directory "/mnt/share/tools/aocc/AOCC_4.0/aocc-compiler-rel-4.0-3206-145/include"]
  ignore line: [ignoring duplicate directory "/mnt/share/tools/aocc/AOCC_4.0/aocc-compiler-rel-4.0-3206-145/include"]
  ignore line: [ignoring duplicate directory "/mnt/share/tools/aocc/AOCC_4.0/aocc-compiler-rel-4.0-3206-145/include"]
  ignore line: [ignoring duplicate directory "/mnt/share/tools/aocc/AOCC_4.0/aocc-compiler-rel-4.0-3206-145/include"]
  ignore line: [ignoring nonexistent directory "/mnt/share/gcc-13.1/bin/../lib/gcc/x86_64-pc-linux-gnu/13.1.0/../../../../x86_64-pc-linux-gnu/include"]
  ignore line: [ignoring duplicate directory "/mnt/share/gcc-13.1/bin/../lib/gcc/../../lib/gcc/x86_64-pc-linux-gnu/13.1.0/include"]
  ignore line: [ignoring duplicate directory "/mnt/share/gcc-13.1/bin/../lib/gcc/../../lib/gcc/x86_64-pc-linux-gnu/13.1.0/include-fixed"]
  ignore line: [ignoring nonexistent directory "/mnt/share/gcc-13.1/bin/../lib/gcc/../../lib/gcc/x86_64-pc-linux-gnu/13.1.0/../../../../x86_64-pc-linux-gnu/include"]
  ignore line: [#include "..." search starts here:]
  ignore line: [#include <...> search starts here:]
  ignore line: [ .]
  ignore line: [ /mnt/share/tools/aocc/AOCC_4.0/aocc-compiler-rel-4.0-3206-145/include]
  ignore line: [ /mnt/share/gcc-13.1/bin/../lib/gcc/x86_64-pc-linux-gnu/13.1.0/include]
  ignore line: [ /mnt/share/gcc-13.1/bin/../lib/gcc/x86_64-pc-linux-gnu/13.1.0/include-fixed]
  ignore line: [ /usr/local/include]
  ignore line: [ /mnt/share/gcc-13.1/bin/../lib/gcc/../../include]
  ignore line: [ /usr/include]
  ignore line: [End of search list.]
  ignore line: [Compiler executable checksum: b4cb59a50ade2c3f4779f0ce3ea5d747]
  ignore line: [COLLECT_GCC_OPTIONS='-v' '-o' 'CMakeFiles/cmTC_d22fb.dir/CMakeCCompilerABI.c.o' '-c' '-mtune=generic' '-march=x86-64' '-dumpdir' 'CMakeFiles/cmTC_d22fb.dir/']
  ignore line: [ as -v --64 -o CMakeFiles/cmTC_d22fb.dir/CMakeCCompilerABI.c.o /tmp/ccuwdF8b.s]
  ignore line: [GNU assembler version 2.30 (x86_64-redhat-linux) using BFD version version 2.30-117.el8]
  ignore line: [COMPILER_PATH=/mnt/share/gcc-13.1/bin/../libexec/gcc/x86_64-pc-linux-gnu/13.1.0/:/mnt/share/gcc-13.1/bin/../libexec/gcc/]
  ignore line: [LIBRARY_PATH=/mnt/share/gcc-13.1/bin/../lib/gcc/x86_64-pc-linux-gnu/13.1.0/:/mnt/share/gcc-13.1/bin/../lib/gcc/:/usr/lib64/../lib64/:/usr/lib/../lib64/:/usr/lib64/../lib64/:/usr/lib/../lib64/:/usr/lib64/../lib64/:/usr/lib/../lib64/:/usr/lib64/../lib64/:/usr/lib/../lib64/:/usr/lib64/../lib64/:/usr/lib/../lib64/:/usr/lib64/../lib64/:/usr/lib/../lib64/:/usr/lib64/../lib64/:/usr/lib/../lib64/:/usr/lib64/../lib64/:/usr/lib/../lib64/:/usr/lib64/../lib64/:/usr/lib/../lib64/:/usr/lib64/../lib64/:/usr/lib/../lib64/:/mnt/share/gcc-13.1/bin/../lib/gcc/x86_64-pc-linux-gnu/13.1.0/../../../../lib64/:/lib/../lib64/:/usr/lib/../lib64/:/mnt/share/tools/aocc/AOCC_4.0/aocc-compiler-rel-4.0-3206-145/lib/:/mnt/share/tools/aocc/AOCC_4.0/aocc-compiler-rel-4.0-3206-145/lib32/:/usr/lib64/:/usr/lib/:/mnt/share/tools/aocc/AOCC_4.0/aocc-compiler-rel-4.0-3206-145/lib/:/mnt/share/tools/aocc/AOCC_4.0/aocc-compiler-rel-4.0-3206-145/lib32/:/usr/lib64/:/usr/lib/:/mnt/share/tools/aocc/AOCC_4.0/aocc-compiler-rel-4.0-3206-145/lib/:/mnt/share/tools/aocc/AOCC_4.0/aocc-compiler-rel-4.0-3206-145/lib32/:/usr/lib64/:/usr/lib/:/mnt/share/tools/aocc/AOCC_4.0/aocc-compiler-rel-4.0-3206-145/lib/:/mnt/share/tools/aocc/AOCC_4.0/aocc-compiler-rel-4.0-3206-145/lib32/:/usr/lib64/:/usr/lib/:/mnt/share/tools/aocc/AOCC_4.0/aocc-compiler-rel-4.0-3206-145/lib/:/mnt/share/tools/aocc/AOCC_4.0/aocc-compiler-rel-4.0-3206-145/lib32/:/usr/lib64/:/usr/lib/:/mnt/share/tools/aocc/AOCC_4.0/aocc-compiler-rel-4.0-3206-145/lib/:/mnt/share/tools/aocc/AOCC_4.0/aocc-compiler-rel-4.0-3206-145/lib32/:/usr/lib64/:/usr/lib/:/mnt/share/tools/aocc/AOCC_4.0/aocc-compiler-rel-4.0-3206-145/lib/:/mnt/share/tools/aocc/AOCC_4.0/aocc-compiler-rel-4.0-3206-145/lib32/:/usr/lib64/:/usr/lib/:/mnt/share/tools/aocc/AOCC_4.0/aocc-compiler-rel-4.0-3206-145/lib/:/mnt/share/tools/aocc/AOCC_4.0/aocc-compiler-rel-4.0-3206-145/lib32/:/usr/lib64/:/usr/lib/:/mnt/share/tools/aocc/AOCC_4.0/aocc-compiler-rel-4.0-3206-145/lib/:/mnt/share/tools/aocc/AOCC_4.0/aocc-compiler-rel-4.0-3206-145/lib32/:/usr/lib64/:/usr/lib/:/mnt/share/tools/aocc/AOCC_4.0/aocc-compiler-rel-4.0-3206-145/lib/:/mnt/share/tools/aocc/AOCC_4.0/aocc-compiler-rel-4.0-3206-145/lib32/:/usr/lib64/:/usr/lib/:./:/mnt/share/gcc-13.1/bin/../lib/gcc/x86_64-pc-linux-gnu/13.1.0/../../../:/lib/:/usr/lib/]
  ignore line: [COLLECT_GCC_OPTIONS='-v' '-o' 'CMakeFiles/cmTC_d22fb.dir/CMakeCCompilerABI.c.o' '-c' '-mtune=generic' '-march=x86-64' '-dumpdir' 'CMakeFiles/cmTC_d22fb.dir/CMakeCCompilerABI.c.']
  ignore line: [Linking C executable cmTC_d22fb]
  ignore line: [/usr/bin/cmake -E cmake_link_script CMakeFiles/cmTC_d22fb.dir/link.txt --verbose=1]
  ignore line: [/mnt/share/gcc-13.1/bin/gcc  -v -rdynamic CMakeFiles/cmTC_d22fb.dir/CMakeCCompilerABI.c.o -o cmTC_d22fb ]
  ignore line: [Using built-in specs.]
  ignore line: [COLLECT_GCC=/mnt/share/gcc-13.1/bin/gcc]
  ignore line: [COLLECT_LTO_WRAPPER=/mnt/share/gcc-13.1/bin/../libexec/gcc/x86_64-pc-linux-gnu/13.1.0/lto-wrapper]
  ignore line: [Target: x86_64-pc-linux-gnu]
  ignore line: [Configured with: ./configure --prefix=/mnt/share/users/jjavansh/installations/gcc-13.1]
  ignore line: [Thread model: posix]
  ignore line: [Supported LTO compression algorithms: zlib zstd]
  ignore line: [gcc version 13.1.0 (GCC) ]
  ignore line: [COMPILER_PATH=/mnt/share/gcc-13.1/bin/../libexec/gcc/x86_64-pc-linux-gnu/13.1.0/:/mnt/share/gcc-13.1/bin/../libexec/gcc/]
  ignore line: [LIBRARY_PATH=/mnt/share/gcc-13.1/bin/../lib/gcc/x86_64-pc-linux-gnu/13.1.0/:/mnt/share/gcc-13.1/bin/../lib/gcc/:/usr/lib64/../lib64/:/usr/lib/../lib64/:/usr/lib64/../lib64/:/usr/lib/../lib64/:/usr/lib64/../lib64/:/usr/lib/../lib64/:/usr/lib64/../lib64/:/usr/lib/../lib64/:/usr/lib64/../lib64/:/usr/lib/../lib64/:/usr/lib64/../lib64/:/usr/lib/../lib64/:/usr/lib64/../lib64/:/usr/lib/../lib64/:/usr/lib64/../lib64/:/usr/lib/../lib64/:/usr/lib64/../lib64/:/usr/lib/../lib64/:/usr/lib64/../lib64/:/usr/lib/../lib64/:/mnt/share/gcc-13.1/bin/../lib/gcc/x86_64-pc-linux-gnu/13.1.0/../../../../lib64/:/lib/../lib64/:/usr/lib/../lib64/:/mnt/share/tools/aocc/AOCC_4.0/aocc-compiler-rel-4.0-3206-145/lib/:/mnt/share/tools/aocc/AOCC_4.0/aocc-compiler-rel-4.0-3206-145/lib32/:/usr/lib64/:/usr/lib/:/mnt/share/tools/aocc/AOCC_4.0/aocc-compiler-rel-4.0-3206-145/lib/:/mnt/share/tools/aocc/AOCC_4.0/aocc-compiler-rel-4.0-3206-145/lib32/:/usr/lib64/:/usr/lib/:/mnt/share/tools/aocc/AOCC_4.0/aocc-compiler-rel-4.0-3206-145/lib/:/mnt/share/tools/aocc/AOCC_4.0/aocc-compiler-rel-4.0-3206-145/lib32/:/usr/lib64/:/usr/lib/:/mnt/share/tools/aocc/AOCC_4.0/aocc-compiler-rel-4.0-3206-145/lib/:/mnt/share/tools/aocc/AOCC_4.0/aocc-compiler-rel-4.0-3206-145/lib32/:/usr/lib64/:/usr/lib/:/mnt/share/tools/aocc/AOCC_4.0/aocc-compiler-rel-4.0-3206-145/lib/:/mnt/share/tools/aocc/AOCC_4.0/aocc-compiler-rel-4.0-3206-145/lib32/:/usr/lib64/:/usr/lib/:/mnt/share/tools/aocc/AOCC_4.0/aocc-compiler-rel-4.0-3206-145/lib/:/mnt/share/tools/aocc/AOCC_4.0/aocc-compiler-rel-4.0-3206-145/lib32/:/usr/lib64/:/usr/lib/:/mnt/share/tools/aocc/AOCC_4.0/aocc-compiler-rel-4.0-3206-145/lib/:/mnt/share/tools/aocc/AOCC_4.0/aocc-compiler-rel-4.0-3206-145/lib32/:/usr/lib64/:/usr/lib/:/mnt/share/tools/aocc/AOCC_4.0/aocc-compiler-rel-4.0-3206-145/lib/:/mnt/share/tools/aocc/AOCC_4.0/aocc-compiler-rel-4.0-3206-145/lib32/:/usr/lib64/:/usr/lib/:/mnt/share/tools/aocc/AOCC_4.0/aocc-compiler-rel-4.0-3206-145/lib/:/mnt/share/tools/aocc/AOCC_4.0/aocc-compiler-rel-4.0-3206-145/lib32/:/usr/lib64/:/usr/lib/:/mnt/share/tools/aocc/AOCC_4.0/aocc-compiler-rel-4.0-3206-145/lib/:/mnt/share/tools/aocc/AOCC_4.0/aocc-compiler-rel-4.0-3206-145/lib32/:/usr/lib64/:/usr/lib/:./:/mnt/share/gcc-13.1/bin/../lib/gcc/x86_64-pc-linux-gnu/13.1.0/../../../:/lib/:/usr/lib/]
  ignore line: [COLLECT_GCC_OPTIONS='-v' '-rdynamic' '-o' 'cmTC_d22fb' '-mtune=generic' '-march=x86-64' '-dumpdir' 'cmTC_d22fb.']
  link line: [ /mnt/share/gcc-13.1/bin/../libexec/gcc/x86_64-pc-linux-gnu/13.1.0/collect2 -plugin /mnt/share/gcc-13.1/bin/../libexec/gcc/x86_64-pc-linux-gnu/13.1.0/liblto_plugin.so -plugin-opt=/mnt/share/gcc-13.1/bin/../libexec/gcc/x86_64-pc-linux-gnu/13.1.0/lto-wrapper -plugin-opt=-fresolution=/tmp/ccsAWrH7.res -plugin-opt=-pass-through=-lgcc -plugin-opt=-pass-through=-lgcc_s -plugin-opt=-pass-through=-lc -plugin-opt=-pass-through=-lgcc -plugin-opt=-pass-through=-lgcc_s --eh-frame-hdr -m elf_x86_64 -export-dynamic -dynamic-linker /lib64/ld-linux-x86-64.so.2 -o cmTC_d22fb /usr/lib64/../lib64/crt1.o /usr/lib64/../lib64/crti.o /mnt/share/gcc-13.1/bin/../lib/gcc/x86_64-pc-linux-gnu/13.1.0/crtbegin.o -L/mnt/share/gcc-13.1/bin/../lib/gcc/x86_64-pc-linux-gnu/13.1.0 -L/mnt/share/gcc-13.1/bin/../lib/gcc -L/usr/lib64/../lib64 -L/usr/lib/../lib64 -L/usr/lib64/../lib64 -L/usr/lib/../lib64 -L/usr/lib64/../lib64 -L/usr/lib/../lib64 -L/usr/lib64/../lib64 -L/usr/lib/../lib64 -L/usr/lib64/../lib64 -L/usr/lib/../lib64 -L/usr/lib64/../lib64 -L/usr/lib/../lib64 -L/usr/lib64/../lib64 -L/usr/lib/../lib64 -L/usr/lib64/../lib64 -L/usr/lib/../lib64 -L/usr/lib64/../lib64 -L/usr/lib/../lib64 -L/usr/lib64/../lib64 -L/usr/lib/../lib64 -L/mnt/share/gcc-13.1/bin/../lib/gcc/x86_64-pc-linux-gnu/13.1.0/../../../../lib64 -L/lib/../lib64 -L/usr/lib/../lib64 -L/mnt/share/tools/aocc/AOCC_4.0/aocc-compiler-rel-4.0-3206-145/lib -L/mnt/share/tools/aocc/AOCC_4.0/aocc-compiler-rel-4.0-3206-145/lib32 -L/usr/lib64 -L/mnt/share/tools/aocc/AOCC_4.0/aocc-compiler-rel-4.0-3206-145/lib -L/mnt/share/tools/aocc/AOCC_4.0/aocc-compiler-rel-4.0-3206-145/lib32 -L/usr/lib64 -L/mnt/share/tools/aocc/AOCC_4.0/aocc-compiler-rel-4.0-3206-145/lib -L/mnt/share/tools/aocc/AOCC_4.0/aocc-compiler-rel-4.0-3206-145/lib32 -L/usr/lib64 -L/mnt/share/tools/aocc/AOCC_4.0/aocc-compiler-rel-4.0-3206-145/lib -L/mnt/share/tools/aocc/AOCC_4.0/aocc-compiler-rel-4.0-3206-145/lib32 -L/usr/lib64 -L/mnt/share/tools/aocc/AOCC_4.0/aocc-compiler-rel-4.0-3206-145/lib -L/mnt/share/tools/aocc/AOCC_4.0/aocc-compiler-rel-4.0-3206-145/lib32 -L/usr/lib64 -L/mnt/share/tools/aocc/AOCC_4.0/aocc-compiler-rel-4.0-3206-145/lib -L/mnt/share/tools/aocc/AOCC_4.0/aocc-compiler-rel-4.0-3206-145/lib32 -L/usr/lib64 -L/mnt/share/tools/aocc/AOCC_4.0/aocc-compiler-rel-4.0-3206-145/lib -L/mnt/share/tools/aocc/AOCC_4.0/aocc-compiler-rel-4.0-3206-145/lib32 -L/usr/lib64 -L/mnt/share/tools/aocc/AOCC_4.0/aocc-compiler-rel-4.0-3206-145/lib -L/mnt/share/tools/aocc/AOCC_4.0/aocc-compiler-rel-4.0-3206-145/lib32 -L/usr/lib64 -L/mnt/share/tools/aocc/AOCC_4.0/aocc-compiler-rel-4.0-3206-145/lib -L/mnt/share/tools/aocc/AOCC_4.0/aocc-compiler-rel-4.0-3206-145/lib32 -L/usr/lib64 -L/mnt/share/tools/aocc/AOCC_4.0/aocc-compiler-rel-4.0-3206-145/lib -L/mnt/share/tools/aocc/AOCC_4.0/aocc-compiler-rel-4.0-3206-145/lib32 -L/usr/lib64 -L. -L/mnt/share/gcc-13.1/bin/../lib/gcc/x86_64-pc-linux-gnu/13.1.0/../../.. CMakeFiles/cmTC_d22fb.dir/CMakeCCompilerABI.c.o -lgcc --push-state --as-needed -lgcc_s --pop-state -lc -lgcc --push-state --as-needed -lgcc_s --pop-state /mnt/share/gcc-13.1/bin/../lib/gcc/x86_64-pc-linux-gnu/13.1.0/crtend.o /usr/lib64/../lib64/crtn.o]
    arg [/mnt/share/gcc-13.1/bin/../libexec/gcc/x86_64-pc-linux-gnu/13.1.0/collect2] ==> ignore
    arg [-plugin] ==> ignore
    arg [/mnt/share/gcc-13.1/bin/../libexec/gcc/x86_64-pc-linux-gnu/13.1.0/liblto_plugin.so] ==> ignore
    arg [-plugin-opt=/mnt/share/gcc-13.1/bin/../libexec/gcc/x86_64-pc-linux-gnu/13.1.0/lto-wrapper] ==> ignore
    arg [-plugin-opt=-fresolution=/tmp/ccsAWrH7.res] ==> ignore
    arg [-plugin-opt=-pass-through=-lgcc] ==> ignore
    arg [-plugin-opt=-pass-through=-lgcc_s] ==> ignore
    arg [-plugin-opt=-pass-through=-lc] ==> ignore
    arg [-plugin-opt=-pass-through=-lgcc] ==> ignore
    arg [-plugin-opt=-pass-through=-lgcc_s] ==> ignore
    arg [--eh-frame-hdr] ==> ignore
    arg [-m] ==> ignore
    arg [elf_x86_64] ==> ignore
    arg [-export-dynamic] ==> ignore
    arg [-dynamic-linker] ==> ignore
    arg [/lib64/ld-linux-x86-64.so.2] ==> ignore
    arg [-o] ==> ignore
    arg [cmTC_d22fb] ==> ignore
    arg [/usr/lib64/../lib64/crt1.o] ==> obj [/usr/lib64/../lib64/crt1.o]
    arg [/usr/lib64/../lib64/crti.o] ==> obj [/usr/lib64/../lib64/crti.o]
    arg [/mnt/share/gcc-13.1/bin/../lib/gcc/x86_64-pc-linux-gnu/13.1.0/crtbegin.o] ==> obj [/mnt/share/gcc-13.1/bin/../lib/gcc/x86_64-pc-linux-gnu/13.1.0/crtbegin.o]
    arg [-L/mnt/share/gcc-13.1/bin/../lib/gcc/x86_64-pc-linux-gnu/13.1.0] ==> dir [/mnt/share/gcc-13.1/bin/../lib/gcc/x86_64-pc-linux-gnu/13.1.0]
    arg [-L/mnt/share/gcc-13.1/bin/../lib/gcc] ==> dir [/mnt/share/gcc-13.1/bin/../lib/gcc]
    arg [-L/usr/lib64/../lib64] ==> dir [/usr/lib64/../lib64]
    arg [-L/usr/lib/../lib64] ==> dir [/usr/lib/../lib64]
    arg [-L/usr/lib64/../lib64] ==> dir [/usr/lib64/../lib64]
    arg [-L/usr/lib/../lib64] ==> dir [/usr/lib/../lib64]
    arg [-L/usr/lib64/../lib64] ==> dir [/usr/lib64/../lib64]
    arg [-L/usr/lib/../lib64] ==> dir [/usr/lib/../lib64]
    arg [-L/usr/lib64/../lib64] ==> dir [/usr/lib64/../lib64]
    arg [-L/usr/lib/../lib64] ==> dir [/usr/lib/../lib64]
    arg [-L/usr/lib64/../lib64] ==> dir [/usr/lib64/../lib64]
    arg [-L/usr/lib/../lib64] ==> dir [/usr/lib/../lib64]
    arg [-L/usr/lib64/../lib64] ==> dir [/usr/lib64/../lib64]
    arg [-L/usr/lib/../lib64] ==> dir [/usr/lib/../lib64]
    arg [-L/usr/lib64/../lib64] ==> dir [/usr/lib64/../lib64]
    arg [-L/usr/lib/../lib64] ==> dir [/usr/lib/../lib64]
    arg [-L/usr/lib64/../lib64] ==> dir [/usr/lib64/../lib64]
    arg [-L/usr/lib/../lib64] ==> dir [/usr/lib/../lib64]
    arg [-L/usr/lib64/../lib64] ==> dir [/usr/lib64/../lib64]
    arg [-L/usr/lib/../lib64] ==> dir [/usr/lib/../lib64]
    arg [-L/usr/lib64/../lib64] ==> dir [/usr/lib64/../lib64]
    arg [-L/usr/lib/../lib64] ==> dir [/usr/lib/../lib64]
    arg [-L/mnt/share/gcc-13.1/bin/../lib/gcc/x86_64-pc-linux-gnu/13.1.0/../../../../lib64] ==> dir [/mnt/share/gcc-13.1/bin/../lib/gcc/x86_64-pc-linux-gnu/13.1.0/../../../../lib64]
    arg [-L/lib/../lib64] ==> dir [/lib/../lib64]
    arg [-L/usr/lib/../lib64] ==> dir [/usr/lib/../lib64]
    arg [-L/mnt/share/tools/aocc/AOCC_4.0/aocc-compiler-rel-4.0-3206-145/lib] ==> dir [/mnt/share/tools/aocc/AOCC_4.0/aocc-compiler-rel-4.0-3206-145/lib]
    arg [-L/mnt/share/tools/aocc/AOCC_4.0/aocc-compiler-rel-4.0-3206-145/lib32] ==> dir [/mnt/share/tools/aocc/AOCC_4.0/aocc-compiler-rel-4.0-3206-145/lib32]
    arg [-L/usr/lib64] ==> dir [/usr/lib64]
    arg [-L/mnt/share/tools/aocc/AOCC_4.0/aocc-compiler-rel-4.0-3206-145/lib] ==> dir [/mnt/share/tools/aocc/AOCC_4.0/aocc-compiler-rel-4.0-3206-145/lib]
    arg [-L/mnt/share/tools/aocc/AOCC_4.0/aocc-compiler-rel-4.0-3206-145/lib32] ==> dir [/mnt/share/tools/aocc/AOCC_4.0/aocc-compiler-rel-4.0-3206-145/lib32]
    arg [-L/usr/lib64] ==> dir [/usr/lib64]
    arg [-L/mnt/share/tools/aocc/AOCC_4.0/aocc-compiler-rel-4.0-3206-145/lib] ==> dir [/mnt/share/tools/aocc/AOCC_4.0/aocc-compiler-rel-4.0-3206-145/lib]
    arg [-L/mnt/share/tools/aocc/AOCC_4.0/aocc-compiler-rel-4.0-3206-145/lib32] ==> dir [/mnt/share/tools/aocc/AOCC_4.0/aocc-compiler-rel-4.0-3206-145/lib32]
    arg [-L/usr/lib64] ==> dir [/usr/lib64]
    arg [-L/mnt/share/tools/aocc/AOCC_4.0/aocc-compiler-rel-4.0-3206-145/lib] ==> dir [/mnt/share/tools/aocc/AOCC_4.0/aocc-compiler-rel-4.0-3206-145/lib]
    arg [-L/mnt/share/tools/aocc/AOCC_4.0/aocc-compiler-rel-4.0-3206-145/lib32] ==> dir [/mnt/share/tools/aocc/AOCC_4.0/aocc-compiler-rel-4.0-3206-145/lib32]
    arg [-L/usr/lib64] ==> dir [/usr/lib64]
    arg [-L/mnt/share/tools/aocc/AOCC_4.0/aocc-compiler-rel-4.0-3206-145/lib] ==> dir [/mnt/share/tools/aocc/AOCC_4.0/aocc-compiler-rel-4.0-3206-145/lib]
    arg [-L/mnt/share/tools/aocc/AOCC_4.0/aocc-compiler-rel-4.0-3206-145/lib32] ==> dir [/mnt/share/tools/aocc/AOCC_4.0/aocc-compiler-rel-4.0-3206-145/lib32]
    arg [-L/usr/lib64] ==> dir [/usr/lib64]
    arg [-L/mnt/share/tools/aocc/AOCC_4.0/aocc-compiler-rel-4.0-3206-145/lib] ==> dir [/mnt/share/tools/aocc/AOCC_4.0/aocc-compiler-rel-4.0-3206-145/lib]
    arg [-L/mnt/share/tools/aocc/AOCC_4.0/aocc-compiler-rel-4.0-3206-145/lib32] ==> dir [/mnt/share/tools/aocc/AOCC_4.0/aocc-compiler-rel-4.0-3206-145/lib32]
    arg [-L/usr/lib64] ==> dir [/usr/lib64]
    arg [-L/mnt/share/tools/aocc/AOCC_4.0/aocc-compiler-rel-4.0-3206-145/lib] ==> dir [/mnt/share/tools/aocc/AOCC_4.0/aocc-compiler-rel-4.0-3206-145/lib]
    arg [-L/mnt/share/tools/aocc/AOCC_4.0/aocc-compiler-rel-4.0-3206-145/lib32] ==> dir [/mnt/share/tools/aocc/AOCC_4.0/aocc-compiler-rel-4.0-3206-145/lib32]
    arg [-L/usr/lib64] ==> dir [/usr/lib64]
    arg [-L/mnt/share/tools/aocc/AOCC_4.0/aocc-compiler-rel-4.0-3206-145/lib] ==> dir [/mnt/share/tools/aocc/AOCC_4.0/aocc-compiler-rel-4.0-3206-145/lib]
    arg [-L/mnt/share/tools/aocc/AOCC_4.0/aocc-compiler-rel-4.0-3206-145/lib32] ==> dir [/mnt/share/tools/aocc/AOCC_4.0/aocc-compiler-rel-4.0-3206-145/lib32]
    arg [-L/usr/lib64] ==> dir [/usr/lib64]
    arg [-L/mnt/share/tools/aocc/AOCC_4.0/aocc-compiler-rel-4.0-3206-145/lib] ==> dir [/mnt/share/tools/aocc/AOCC_4.0/aocc-compiler-rel-4.0-3206-145/lib]
    arg [-L/mnt/share/tools/aocc/AOCC_4.0/aocc-compiler-rel-4.0-3206-145/lib32] ==> dir [/mnt/share/tools/aocc/AOCC_4.0/aocc-compiler-rel-4.0-3206-145/lib32]
    arg [-L/usr/lib64] ==> dir [/usr/lib64]
    arg [-L/mnt/share/tools/aocc/AOCC_4.0/aocc-compiler-rel-4.0-3206-145/lib] ==> dir [/mnt/share/tools/aocc/AOCC_4.0/aocc-compiler-rel-4.0-3206-145/lib]
    arg [-L/mnt/share/tools/aocc/AOCC_4.0/aocc-compiler-rel-4.0-3206-145/lib32] ==> dir [/mnt/share/tools/aocc/AOCC_4.0/aocc-compiler-rel-4.0-3206-145/lib32]
    arg [-L/usr/lib64] ==> dir [/usr/lib64]
    arg [-L.] ==> ignore
    arg [-L/mnt/share/gcc-13.1/bin/../lib/gcc/x86_64-pc-linux-gnu/13.1.0/../../..] ==> dir [/mnt/share/gcc-13.1/bin/../lib/gcc/x86_64-pc-linux-gnu/13.1.0/../../..]
    arg [CMakeFiles/cmTC_d22fb.dir/CMakeCCompilerABI.c.o] ==> ignore
    arg [-lgcc] ==> lib [gcc]
    arg [--push-state] ==> ignore
    arg [--as-needed] ==> ignore
    arg [-lgcc_s] ==> lib [gcc_s]
    arg [--pop-state] ==> ignore
    arg [-lc] ==> lib [c]
    arg [-lgcc] ==> lib [gcc]
    arg [--push-state] ==> ignore
    arg [--as-needed] ==> ignore
    arg [-lgcc_s] ==> lib [gcc_s]
    arg [--pop-state] ==> ignore
    arg [/mnt/share/gcc-13.1/bin/../lib/gcc/x86_64-pc-linux-gnu/13.1.0/crtend.o] ==> obj [/mnt/share/gcc-13.1/bin/../lib/gcc/x86_64-pc-linux-gnu/13.1.0/crtend.o]
    arg [/usr/lib64/../lib64/crtn.o] ==> obj [/usr/lib64/../lib64/crtn.o]
  collapse obj [/usr/lib64/../lib64/crt1.o] ==> [/usr/lib64/crt1.o]
  collapse obj [/usr/lib64/../lib64/crti.o] ==> [/usr/lib64/crti.o]
  collapse obj [/mnt/share/gcc-13.1/bin/../lib/gcc/x86_64-pc-linux-gnu/13.1.0/crtbegin.o] ==> [/mnt/share/gcc-13.1/lib/gcc/x86_64-pc-linux-gnu/13.1.0/crtbegin.o]
  collapse obj [/mnt/share/gcc-13.1/bin/../lib/gcc/x86_64-pc-linux-gnu/13.1.0/crtend.o] ==> [/mnt/share/gcc-13.1/lib/gcc/x86_64-pc-linux-gnu/13.1.0/crtend.o]
  collapse obj [/usr/lib64/../lib64/crtn.o] ==> [/usr/lib64/crtn.o]
  collapse library dir [/mnt/share/gcc-13.1/bin/../lib/gcc/x86_64-pc-linux-gnu/13.1.0] ==> [/mnt/share/gcc-13.1/lib/gcc/x86_64-pc-linux-gnu/13.1.0]
  collapse library dir [/mnt/share/gcc-13.1/bin/../lib/gcc] ==> [/mnt/share/gcc-13.1/lib/gcc]
  collapse library dir [/usr/lib64/../lib64] ==> [/usr/lib64]
  collapse library dir [/usr/lib/../lib64] ==> [/usr/lib64]
  collapse library dir [/usr/lib64/../lib64] ==> [/usr/lib64]
  collapse library dir [/usr/lib/../lib64] ==> [/usr/lib64]
  collapse library dir [/usr/lib64/../lib64] ==> [/usr/lib64]
  collapse library dir [/usr/lib/../lib64] ==> [/usr/lib64]
  collapse library dir [/usr/lib64/../lib64] ==> [/usr/lib64]
  collapse library dir [/usr/lib/../lib64] ==> [/usr/lib64]
  collapse library dir [/usr/lib64/../lib64] ==> [/usr/lib64]
  collapse library dir [/usr/lib/../lib64] ==> [/usr/lib64]
  collapse library dir [/usr/lib64/../lib64] ==> [/usr/lib64]
  collapse library dir [/usr/lib/../lib64] ==> [/usr/lib64]
  collapse library dir [/usr/lib64/../lib64] ==> [/usr/lib64]
  collapse library dir [/usr/lib/../lib64] ==> [/usr/lib64]
  collapse library dir [/usr/lib64/../lib64] ==> [/usr/lib64]
  collapse library dir [/usr/lib/../lib64] ==> [/usr/lib64]
  collapse library dir [/usr/lib64/../lib64] ==> [/usr/lib64]
  collapse library dir [/usr/lib/../lib64] ==> [/usr/lib64]
  collapse library dir [/usr/lib64/../lib64] ==> [/usr/lib64]
  collapse library dir [/usr/lib/../lib64] ==> [/usr/lib64]
  collapse library dir [/mnt/share/gcc-13.1/bin/../lib/gcc/x86_64-pc-linux-gnu/13.1.0/../../../../lib64] ==> [/mnt/share/gcc-13.1/lib64]
  collapse library dir [/lib/../lib64] ==> [/lib64]
  collapse library dir [/usr/lib/../lib64] ==> [/usr/lib64]
  collapse library dir [/mnt/share/tools/aocc/AOCC_4.0/aocc-compiler-rel-4.0-3206-145/lib] ==> [/mnt/share/tools/aocc/AOCC_4.0/aocc-compiler-rel-4.0-3206-145/lib]
  collapse library dir [/mnt/share/tools/aocc/AOCC_4.0/aocc-compiler-rel-4.0-3206-145/lib32] ==> [/mnt/share/tools/aocc/AOCC_4.0/aocc-compiler-rel-4.0-3206-145/lib32]
  collapse library dir [/usr/lib64] ==> [/usr/lib64]
  collapse library dir [/mnt/share/tools/aocc/AOCC_4.0/aocc-compiler-rel-4.0-3206-145/lib] ==> [/mnt/share/tools/aocc/AOCC_4.0/aocc-compiler-rel-4.0-3206-145/lib]
  collapse library dir [/mnt/share/tools/aocc/AOCC_4.0/aocc-compiler-rel-4.0-3206-145/lib32] ==> [/mnt/share/tools/aocc/AOCC_4.0/aocc-compiler-rel-4.0-3206-145/lib32]
  collapse library dir [/usr/lib64] ==> [/usr/lib64]
  collapse library dir [/mnt/share/tools/aocc/AOCC_4.0/aocc-compiler-rel-4.0-3206-145/lib] ==> [/mnt/share/tools/aocc/AOCC_4.0/aocc-compiler-rel-4.0-3206-145/lib]
  collapse library dir [/mnt/share/tools/aocc/AOCC_4.0/aocc-compiler-rel-4.0-3206-145/lib32] ==> [/mnt/share/tools/aocc/AOCC_4.0/aocc-compiler-rel-4.0-3206-145/lib32]
  collapse library dir [/usr/lib64] ==> [/usr/lib64]
  collapse library dir [/mnt/share/tools/aocc/AOCC_4.0/aocc-compiler-rel-4.0-3206-145/lib] ==> [/mnt/share/tools/aocc/AOCC_4.0/aocc-compiler-rel-4.0-3206-145/lib]
  collapse library dir [/mnt/share/tools/aocc/AOCC_4.0/aocc-compiler-rel-4.0-3206-145/lib32] ==> [/mnt/share/tools/aocc/AOCC_4.0/aocc-compiler-rel-4.0-3206-145/lib32]
  collapse library dir [/usr/lib64] ==> [/usr/lib64]
  collapse library dir [/mnt/share/tools/aocc/AOCC_4.0/aocc-compiler-rel-4.0-3206-145/lib] ==> [/mnt/share/tools/aocc/AOCC_4.0/aocc-compiler-rel-4.0-3206-145/lib]
  collapse library dir [/mnt/share/tools/aocc/AOCC_4.0/aocc-compiler-rel-4.0-3206-145/lib32] ==> [/mnt/share/tools/aocc/AOCC_4.0/aocc-compiler-rel-4.0-3206-145/lib32]
  collapse library dir [/usr/lib64] ==> [/usr/lib64]
  collapse library dir [/mnt/share/tools/aocc/AOCC_4.0/aocc-compiler-rel-4.0-3206-145/lib] ==> [/mnt/share/tools/aocc/AOCC_4.0/aocc-compiler-rel-4.0-3206-145/lib]
  collapse library dir [/mnt/share/tools/aocc/AOCC_4.0/aocc-compiler-rel-4.0-3206-145/lib32] ==> [/mnt/share/tools/aocc/AOCC_4.0/aocc-compiler-rel-4.0-3206-145/lib32]
  collapse library dir [/usr/lib64] ==> [/usr/lib64]
  collapse library dir [/mnt/share/tools/aocc/AOCC_4.0/aocc-compiler-rel-4.0-3206-145/lib] ==> [/mnt/share/tools/aocc/AOCC_4.0/aocc-compiler-rel-4.0-3206-145/lib]
  collapse library dir [/mnt/share/tools/aocc/AOCC_4.0/aocc-compiler-rel-4.0-3206-145/lib32] ==> [/mnt/share/tools/aocc/AOCC_4.0/aocc-compiler-rel-4.0-3206-145/lib32]
  collapse library dir [/usr/lib64] ==> [/usr/lib64]
  collapse library dir [/mnt/share/tools/aocc/AOCC_4.0/aocc-compiler-rel-4.0-3206-145/lib] ==> [/mnt/share/tools/aocc/AOCC_4.0/aocc-compiler-rel-4.0-3206-145/lib]
  collapse library dir [/mnt/share/tools/aocc/AOCC_4.0/aocc-compiler-rel-4.0-3206-145/lib32] ==> [/mnt/share/tools/aocc/AOCC_4.0/aocc-compiler-rel-4.0-3206-145/lib32]
  collapse library dir [/usr/lib64] ==> [/usr/lib64]
  collapse library dir [/mnt/share/tools/aocc/AOCC_4.0/aocc-compiler-rel-4.0-3206-145/lib] ==> [/mnt/share/tools/aocc/AOCC_4.0/aocc-compiler-rel-4.0-3206-145/lib]
  collapse library dir [/mnt/share/tools/aocc/AOCC_4.0/aocc-compiler-rel-4.0-3206-145/lib32] ==> [/mnt/share/tools/aocc/AOCC_4.0/aocc-compiler-rel-4.0-3206-145/lib32]
  collapse library dir [/usr/lib64] ==> [/usr/lib64]
  collapse library dir [/mnt/share/tools/aocc/AOCC_4.0/aocc-compiler-rel-4.0-3206-145/lib] ==> [/mnt/share/tools/aocc/AOCC_4.0/aocc-compiler-rel-4.0-3206-145/lib]
  collapse library dir [/mnt/share/tools/aocc/AOCC_4.0/aocc-compiler-rel-4.0-3206-145/lib32] ==> [/mnt/share/tools/aocc/AOCC_4.0/aocc-compiler-rel-4.0-3206-145/lib32]
  collapse library dir [/usr/lib64] ==> [/usr/lib64]
  collapse library dir [/mnt/share/gcc-13.1/bin/../lib/gcc/x86_64-pc-linux-gnu/13.1.0/../../..] ==> [/mnt/share/gcc-13.1/lib]
  implicit libs: [gcc;gcc_s;c;gcc;gcc_s]
  implicit objs: [/usr/lib64/crt1.o;/usr/lib64/crti.o;/mnt/share/gcc-13.1/lib/gcc/x86_64-pc-linux-gnu/13.1.0/crtbegin.o;/mnt/share/gcc-13.1/lib/gcc/x86_64-pc-linux-gnu/13.1.0/crtend.o;/usr/lib64/crtn.o]
  implicit dirs: [/mnt/share/gcc-13.1/lib/gcc/x86_64-pc-linux-gnu/13.1.0;/mnt/share/gcc-13.1/lib/gcc;/usr/lib64;/mnt/share/gcc-13.1/lib64;/lib64;/mnt/share/tools/aocc/AOCC_4.0/aocc-compiler-rel-4.0-3206-145/lib;/mnt/share/tools/aocc/AOCC_4.0/aocc-compiler-rel-4.0-3206-145/lib32;/mnt/share/gcc-13.1/lib]
  implicit fwks: []


Detecting CXX compiler ABI info compiled with the following output:
Change Dir: /mnt/share/users/kasra/projects/LidDrivenCavity/final/gcc/buildavx512/CMakeFiles/CMakeTmp

Run Build Command(s):/usr/bin/gmake -f Makefile cmTC_339f5/fast && /usr/bin/gmake  -f CMakeFiles/cmTC_339f5.dir/build.make CMakeFiles/cmTC_339f5.dir/build
gmake[1]: Entering directory '/mnt/share/users/kasra/projects/LidDrivenCavity/final/gcc/buildavx512/CMakeFiles/CMakeTmp'
Building CXX object CMakeFiles/cmTC_339f5.dir/CMakeCXXCompilerABI.cpp.o
/mnt/share/gcc-13.1/bin/g++   -v -o CMakeFiles/cmTC_339f5.dir/CMakeCXXCompilerABI.cpp.o -c /usr/share/cmake/Modules/CMakeCXXCompilerABI.cpp
Using built-in specs.
COLLECT_GCC=/mnt/share/gcc-13.1/bin/g++
Target: x86_64-pc-linux-gnu
Configured with: ./configure --prefix=/mnt/share/users/jjavansh/installations/gcc-13.1
Thread model: posix
Supported LTO compression algorithms: zlib zstd
gcc version 13.1.0 (GCC) 
COLLECT_GCC_OPTIONS='-v' '-o' 'CMakeFiles/cmTC_339f5.dir/CMakeCXXCompilerABI.cpp.o' '-c' '-shared-libgcc' '-mtune=generic' '-march=x86-64' '-dumpdir' 'CMakeFiles/cmTC_339f5.dir/'
 /mnt/share/gcc-13.1/bin/../libexec/gcc/x86_64-pc-linux-gnu/13.1.0/cc1plus -quiet -v -iprefix /mnt/share/gcc-13.1/bin/../lib/gcc/x86_64-pc-linux-gnu/13.1.0/ -D_GNU_SOURCE /usr/share/cmake/Modules/CMakeCXXCompilerABI.cpp -quiet -dumpdir CMakeFiles/cmTC_339f5.dir/ -dumpbase CMakeCXXCompilerABI.cpp.cpp -dumpbase-ext .cpp -mtune=generic -march=x86-64 -version -o /tmp/cc8qiBPs.s
GNU C++17 (GCC) version 13.1.0 (x86_64-pc-linux-gnu)
	compiled by GNU C version 13.1.0, GMP version 6.2.1, MPFR version 4.1.0, MPC version 1.2.1, isl version isl-0.24-GMP

GGC heuristics: --param ggc-min-expand=100 --param ggc-min-heapsize=131072
ignoring duplicate directory "/mnt/share/tools/aocc/AOCC_4.0/aocc-compiler-rel-4.0-3206-145/include"
ignoring duplicate directory "/mnt/share/tools/aocc/AOCC_4.0/aocc-compiler-rel-4.0-3206-145/include"
ignoring duplicate directory "/mnt/share/tools/aocc/AOCC_4.0/aocc-compiler-rel-4.0-3206-145/include"
ignoring duplicate directory "/mnt/share/tools/aocc/AOCC_4.0/aocc-compiler-rel-4.0-3206-145/include"
ignoring duplicate directory "/mnt/share/tools/aocc/AOCC_4.0/aocc-compiler-rel-4.0-3206-145/include"
ignoring duplicate directory "/mnt/share/tools/aocc/AOCC_4.0/aocc-compiler-rel-4.0-3206-145/include"
ignoring duplicate directory "/mnt/share/tools/aocc/AOCC_4.0/aocc-compiler-rel-4.0-3206-145/include"
ignoring duplicate directory "/mnt/share/tools/aocc/AOCC_4.0/aocc-compiler-rel-4.0-3206-145/include"
ignoring duplicate directory "/mnt/share/tools/aocc/AOCC_4.0/aocc-compiler-rel-4.0-3206-145/include"
ignoring nonexistent directory "/mnt/share/gcc-13.1/bin/../lib/gcc/x86_64-pc-linux-gnu/13.1.0/../../../../x86_64-pc-linux-gnu/include"
ignoring duplicate directory "/mnt/share/gcc-13.1/bin/../lib/gcc/../../lib/gcc/x86_64-pc-linux-gnu/13.1.0/../../../../include/c++/13.1.0"
ignoring duplicate directory "/mnt/share/gcc-13.1/bin/../lib/gcc/../../lib/gcc/x86_64-pc-linux-gnu/13.1.0/../../../../include/c++/13.1.0/x86_64-pc-linux-gnu"
ignoring duplicate directory "/mnt/share/gcc-13.1/bin/../lib/gcc/../../lib/gcc/x86_64-pc-linux-gnu/13.1.0/../../../../include/c++/13.1.0/backward"
ignoring duplicate directory "/mnt/share/gcc-13.1/bin/../lib/gcc/../../lib/gcc/x86_64-pc-linux-gnu/13.1.0/include"
ignoring duplicate directory "/mnt/share/gcc-13.1/bin/../lib/gcc/../../lib/gcc/x86_64-pc-linux-gnu/13.1.0/include-fixed"
ignoring nonexistent directory "/mnt/share/gcc-13.1/bin/../lib/gcc/../../lib/gcc/x86_64-pc-linux-gnu/13.1.0/../../../../x86_64-pc-linux-gnu/include"
#include "..." search starts here:
#include <...> search starts here:
 .
 /mnt/share/tools/aocc/AOCC_4.0/aocc-compiler-rel-4.0-3206-145/include
 /mnt/share/gcc-13.1/bin/../lib/gcc/x86_64-pc-linux-gnu/13.1.0/../../../../include/c++/13.1.0
 /mnt/share/gcc-13.1/bin/../lib/gcc/x86_64-pc-linux-gnu/13.1.0/../../../../include/c++/13.1.0/x86_64-pc-linux-gnu
 /mnt/share/gcc-13.1/bin/../lib/gcc/x86_64-pc-linux-gnu/13.1.0/../../../../include/c++/13.1.0/backward
 /mnt/share/gcc-13.1/bin/../lib/gcc/x86_64-pc-linux-gnu/13.1.0/include
 /mnt/share/gcc-13.1/bin/../lib/gcc/x86_64-pc-linux-gnu/13.1.0/include-fixed
 /usr/local/include
 /mnt/share/gcc-13.1/bin/../lib/gcc/../../include
 /usr/include
End of search list.
Compiler executable checksum: f6803c780e61c37605a0d9e0c280336f
COLLECT_GCC_OPTIONS='-v' '-o' 'CMakeFiles/cmTC_339f5.dir/CMakeCXXCompilerABI.cpp.o' '-c' '-shared-libgcc' '-mtune=generic' '-march=x86-64' '-dumpdir' 'CMakeFiles/cmTC_339f5.dir/'
 as -v --64 -o CMakeFiles/cmTC_339f5.dir/CMakeCXXCompilerABI.cpp.o /tmp/cc8qiBPs.s
GNU assembler version 2.30 (x86_64-redhat-linux) using BFD version version 2.30-117.el8
COMPILER_PATH=/mnt/share/gcc-13.1/bin/../libexec/gcc/x86_64-pc-linux-gnu/13.1.0/:/mnt/share/gcc-13.1/bin/../libexec/gcc/
LIBRARY_PATH=/mnt/share/gcc-13.1/bin/../lib/gcc/x86_64-pc-linux-gnu/13.1.0/:/mnt/share/gcc-13.1/bin/../lib/gcc/:/usr/lib64/../lib64/:/usr/lib/../lib64/:/usr/lib64/../lib64/:/usr/lib/../lib64/:/usr/lib64/../lib64/:/usr/lib/../lib64/:/usr/lib64/../lib64/:/usr/lib/../lib64/:/usr/lib64/../lib64/:/usr/lib/../lib64/:/usr/lib64/../lib64/:/usr/lib/../lib64/:/usr/lib64/../lib64/:/usr/lib/../lib64/:/usr/lib64/../lib64/:/usr/lib/../lib64/:/usr/lib64/../lib64/:/usr/lib/../lib64/:/usr/lib64/../lib64/:/usr/lib/../lib64/:/mnt/share/gcc-13.1/bin/../lib/gcc/x86_64-pc-linux-gnu/13.1.0/../../../../lib64/:/lib/../lib64/:/usr/lib/../lib64/:/mnt/share/tools/aocc/AOCC_4.0/aocc-compiler-rel-4.0-3206-145/lib/:/mnt/share/tools/aocc/AOCC_4.0/aocc-compiler-rel-4.0-3206-145/lib32/:/usr/lib64/:/usr/lib/:/mnt/share/tools/aocc/AOCC_4.0/aocc-compiler-rel-4.0-3206-145/lib/:/mnt/share/tools/aocc/AOCC_4.0/aocc-compiler-rel-4.0-3206-145/lib32/:/usr/lib64/:/usr/lib/:/mnt/share/tools/aocc/AOCC_4.0/aocc-compiler-rel-4.0-3206-145/lib/:/mnt/share/tools/aocc/AOCC_4.0/aocc-compiler-rel-4.0-3206-145/lib32/:/usr/lib64/:/usr/lib/:/mnt/share/tools/aocc/AOCC_4.0/aocc-compiler-rel-4.0-3206-145/lib/:/mnt/share/tools/aocc/AOCC_4.0/aocc-compiler-rel-4.0-3206-145/lib32/:/usr/lib64/:/usr/lib/:/mnt/share/tools/aocc/AOCC_4.0/aocc-compiler-rel-4.0-3206-145/lib/:/mnt/share/tools/aocc/AOCC_4.0/aocc-compiler-rel-4.0-3206-145/lib32/:/usr/lib64/:/usr/lib/:/mnt/share/tools/aocc/AOCC_4.0/aocc-compiler-rel-4.0-3206-145/lib/:/mnt/share/tools/aocc/AOCC_4.0/aocc-compiler-rel-4.0-3206-145/lib32/:/usr/lib64/:/usr/lib/:/mnt/share/tools/aocc/AOCC_4.0/aocc-compiler-rel-4.0-3206-145/lib/:/mnt/share/tools/aocc/AOCC_4.0/aocc-compiler-rel-4.0-3206-145/lib32/:/usr/lib64/:/usr/lib/:/mnt/share/tools/aocc/AOCC_4.0/aocc-compiler-rel-4.0-3206-145/lib/:/mnt/share/tools/aocc/AOCC_4.0/aocc-compiler-rel-4.0-3206-145/lib32/:/usr/lib64/:/usr/lib/:/mnt/share/tools/aocc/AOCC_4.0/aocc-compiler-rel-4.0-3206-145/lib/:/mnt/share/tools/aocc/AOCC_4.0/aocc-compiler-rel-4.0-3206-145/lib32/:/usr/lib64/:/usr/lib/:/mnt/share/tools/aocc/AOCC_4.0/aocc-compiler-rel-4.0-3206-145/lib/:/mnt/share/tools/aocc/AOCC_4.0/aocc-compiler-rel-4.0-3206-145/lib32/:/usr/lib64/:/usr/lib/:./:/mnt/share/gcc-13.1/bin/../lib/gcc/x86_64-pc-linux-gnu/13.1.0/../../../:/lib/:/usr/lib/
COLLECT_GCC_OPTIONS='-v' '-o' 'CMakeFiles/cmTC_339f5.dir/CMakeCXXCompilerABI.cpp.o' '-c' '-shared-libgcc' '-mtune=generic' '-march=x86-64' '-dumpdir' 'CMakeFiles/cmTC_339f5.dir/CMakeCXXCompilerABI.cpp.'
Linking CXX executable cmTC_339f5
/usr/bin/cmake -E cmake_link_script CMakeFiles/cmTC_339f5.dir/link.txt --verbose=1
/mnt/share/gcc-13.1/bin/g++  -v -rdynamic CMakeFiles/cmTC_339f5.dir/CMakeCXXCompilerABI.cpp.o -o cmTC_339f5 
Using built-in specs.
COLLECT_GCC=/mnt/share/gcc-13.1/bin/g++
COLLECT_LTO_WRAPPER=/mnt/share/gcc-13.1/bin/../libexec/gcc/x86_64-pc-linux-gnu/13.1.0/lto-wrapper
Target: x86_64-pc-linux-gnu
Configured with: ./configure --prefix=/mnt/share/users/jjavansh/installations/gcc-13.1
Thread model: posix
Supported LTO compression algorithms: zlib zstd
gcc version 13.1.0 (GCC) 
COMPILER_PATH=/mnt/share/gcc-13.1/bin/../libexec/gcc/x86_64-pc-linux-gnu/13.1.0/:/mnt/share/gcc-13.1/bin/../libexec/gcc/
LIBRARY_PATH=/mnt/share/gcc-13.1/bin/../lib/gcc/x86_64-pc-linux-gnu/13.1.0/:/mnt/share/gcc-13.1/bin/../lib/gcc/:/usr/lib64/../lib64/:/usr/lib/../lib64/:/usr/lib64/../lib64/:/usr/lib/../lib64/:/usr/lib64/../lib64/:/usr/lib/../lib64/:/usr/lib64/../lib64/:/usr/lib/../lib64/:/usr/lib64/../lib64/:/usr/lib/../lib64/:/usr/lib64/../lib64/:/usr/lib/../lib64/:/usr/lib64/../lib64/:/usr/lib/../lib64/:/usr/lib64/../lib64/:/usr/lib/../lib64/:/usr/lib64/../lib64/:/usr/lib/../lib64/:/usr/lib64/../lib64/:/usr/lib/../lib64/:/mnt/share/gcc-13.1/bin/../lib/gcc/x86_64-pc-linux-gnu/13.1.0/../../../../lib64/:/lib/../lib64/:/usr/lib/../lib64/:/mnt/share/tools/aocc/AOCC_4.0/aocc-compiler-rel-4.0-3206-145/lib/:/mnt/share/tools/aocc/AOCC_4.0/aocc-compiler-rel-4.0-3206-145/lib32/:/usr/lib64/:/usr/lib/:/mnt/share/tools/aocc/AOCC_4.0/aocc-compiler-rel-4.0-3206-145/lib/:/mnt/share/tools/aocc/AOCC_4.0/aocc-compiler-rel-4.0-3206-145/lib32/:/usr/lib64/:/usr/lib/:/mnt/share/tools/aocc/AOCC_4.0/aocc-compiler-rel-4.0-3206-145/lib/:/mnt/share/tools/aocc/AOCC_4.0/aocc-compiler-rel-4.0-3206-145/lib32/:/usr/lib64/:/usr/lib/:/mnt/share/tools/aocc/AOCC_4.0/aocc-compiler-rel-4.0-3206-145/lib/:/mnt/share/tools/aocc/AOCC_4.0/aocc-compiler-rel-4.0-3206-145/lib32/:/usr/lib64/:/usr/lib/:/mnt/share/tools/aocc/AOCC_4.0/aocc-compiler-rel-4.0-3206-145/lib/:/mnt/share/tools/aocc/AOCC_4.0/aocc-compiler-rel-4.0-3206-145/lib32/:/usr/lib64/:/usr/lib/:/mnt/share/tools/aocc/AOCC_4.0/aocc-compiler-rel-4.0-3206-145/lib/:/mnt/share/tools/aocc/AOCC_4.0/aocc-compiler-rel-4.0-3206-145/lib32/:/usr/lib64/:/usr/lib/:/mnt/share/tools/aocc/AOCC_4.0/aocc-compiler-rel-4.0-3206-145/lib/:/mnt/share/tools/aocc/AOCC_4.0/aocc-compiler-rel-4.0-3206-145/lib32/:/usr/lib64/:/usr/lib/:/mnt/share/tools/aocc/AOCC_4.0/aocc-compiler-rel-4.0-3206-145/lib/:/mnt/share/tools/aocc/AOCC_4.0/aocc-compiler-rel-4.0-3206-145/lib32/:/usr/lib64/:/usr/lib/:/mnt/share/tools/aocc/AOCC_4.0/aocc-compiler-rel-4.0-3206-145/lib/:/mnt/share/tools/aocc/AOCC_4.0/aocc-compiler-rel-4.0-3206-145/lib32/:/usr/lib64/:/usr/lib/:/mnt/share/tools/aocc/AOCC_4.0/aocc-compiler-rel-4.0-3206-145/lib/:/mnt/share/tools/aocc/AOCC_4.0/aocc-compiler-rel-4.0-3206-145/lib32/:/usr/lib64/:/usr/lib/:./:/mnt/share/gcc-13.1/bin/../lib/gcc/x86_64-pc-linux-gnu/13.1.0/../../../:/lib/:/usr/lib/
COLLECT_GCC_OPTIONS='-v' '-rdynamic' '-o' 'cmTC_339f5' '-shared-libgcc' '-mtune=generic' '-march=x86-64' '-dumpdir' 'cmTC_339f5.'
 /mnt/share/gcc-13.1/bin/../libexec/gcc/x86_64-pc-linux-gnu/13.1.0/collect2 -plugin /mnt/share/gcc-13.1/bin/../libexec/gcc/x86_64-pc-linux-gnu/13.1.0/liblto_plugin.so -plugin-opt=/mnt/share/gcc-13.1/bin/../libexec/gcc/x86_64-pc-linux-gnu/13.1.0/lto-wrapper -plugin-opt=-fresolution=/tmp/cc54Wyug.res -plugin-opt=-pass-through=-lgcc_s -plugin-opt=-pass-through=-lgcc -plugin-opt=-pass-through=-lc -plugin-opt=-pass-through=-lgcc_s -plugin-opt=-pass-through=-lgcc --eh-frame-hdr -m elf_x86_64 -export-dynamic -dynamic-linker /lib64/ld-linux-x86-64.so.2 -o cmTC_339f5 /usr/lib64/../lib64/crt1.o /usr/lib64/../lib64/crti.o /mnt/share/gcc-13.1/bin/../lib/gcc/x86_64-pc-linux-gnu/13.1.0/crtbegin.o -L/mnt/share/gcc-13.1/bin/../lib/gcc/x86_64-pc-linux-gnu/13.1.0 -L/mnt/share/gcc-13.1/bin/../lib/gcc -L/usr/lib64/../lib64 -L/usr/lib/../lib64 -L/usr/lib64/../lib64 -L/usr/lib/../lib64 -L/usr/lib64/../lib64 -L/usr/lib/../lib64 -L/usr/lib64/../lib64 -L/usr/lib/../lib64 -L/usr/lib64/../lib64 -L/usr/lib/../lib64 -L/usr/lib64/../lib64 -L/usr/lib/../lib64 -L/usr/lib64/../lib64 -L/usr/lib/../lib64 -L/usr/lib64/../lib64 -L/usr/lib/../lib64 -L/usr/lib64/../lib64 -L/usr/lib/../lib64 -L/usr/lib64/../lib64 -L/usr/lib/../lib64 -L/mnt/share/gcc-13.1/bin/../lib/gcc/x86_64-pc-linux-gnu/13.1.0/../../../../lib64 -L/lib/../lib64 -L/usr/lib/../lib64 -L/mnt/share/tools/aocc/AOCC_4.0/aocc-compiler-rel-4.0-3206-145/lib -L/mnt/share/tools/aocc/AOCC_4.0/aocc-compiler-rel-4.0-3206-145/lib32 -L/usr/lib64 -L/mnt/share/tools/aocc/AOCC_4.0/aocc-compiler-rel-4.0-3206-145/lib -L/mnt/share/tools/aocc/AOCC_4.0/aocc-compiler-rel-4.0-3206-145/lib32 -L/usr/lib64 -L/mnt/share/tools/aocc/AOCC_4.0/aocc-compiler-rel-4.0-3206-145/lib -L/mnt/share/tools/aocc/AOCC_4.0/aocc-compiler-rel-4.0-3206-145/lib32 -L/usr/lib64 -L/mnt/share/tools/aocc/AOCC_4.0/aocc-compiler-rel-4.0-3206-145/lib -L/mnt/share/tools/aocc/AOCC_4.0/aocc-compiler-rel-4.0-3206-145/lib32 -L/usr/lib64 -L/mnt/share/tools/aocc/AOCC_4.0/aocc-compiler-rel-4.0-3206-145/lib -L/mnt/share/tools/aocc/AOCC_4.0/aocc-compiler-rel-4.0-3206-145/lib32 -L/usr/lib64 -L/mnt/share/tools/aocc/AOCC_4.0/aocc-compiler-rel-4.0-3206-145/lib -L/mnt/share/tools/aocc/AOCC_4.0/aocc-compiler-rel-4.0-3206-145/lib32 -L/usr/lib64 -L/mnt/share/tools/aocc/AOCC_4.0/aocc-compiler-rel-4.0-3206-145/lib -L/mnt/share/tools/aocc/AOCC_4.0/aocc-compiler-rel-4.0-3206-145/lib32 -L/usr/lib64 -L/mnt/share/tools/aocc/AOCC_4.0/aocc-compiler-rel-4.0-3206-145/lib -L/mnt/share/tools/aocc/AOCC_4.0/aocc-compiler-rel-4.0-3206-145/lib32 -L/usr/lib64 -L/mnt/share/tools/aocc/AOCC_4.0/aocc-compiler-rel-4.0-3206-145/lib -L/mnt/share/tools/aocc/AOCC_4.0/aocc-compiler-rel-4.0-3206-145/lib32 -L/usr/lib64 -L/mnt/share/tools/aocc/AOCC_4.0/aocc-compiler-rel-4.0-3206-145/lib -L/mnt/share/tools/aocc/AOCC_4.0/aocc-compiler-rel-4.0-3206-145/lib32 -L/usr/lib64 -L. -L/mnt/share/gcc-13.1/bin/../lib/gcc/x86_64-pc-linux-gnu/13.1.0/../../.. CMakeFiles/cmTC_339f5.dir/CMakeCXXCompilerABI.cpp.o -lstdc++ -lm -lgcc_s -lgcc -lc -lgcc_s -lgcc /mnt/share/gcc-13.1/bin/../lib/gcc/x86_64-pc-linux-gnu/13.1.0/crtend.o /usr/lib64/../lib64/crtn.o
COLLECT_GCC_OPTIONS='-v' '-rdynamic' '-o' 'cmTC_339f5' '-shared-libgcc' '-mtune=generic' '-march=x86-64' '-dumpdir' 'cmTC_339f5.'
gmake[1]: Leaving directory '/mnt/share/users/kasra/projects/LidDrivenCavity/final/gcc/buildavx512/CMakeFiles/CMakeTmp'



Parsed CXX implicit include dir info from above output: rv=done
  found start of include info
  found start of implicit include info
    add: [.]
    add: [/mnt/share/tools/aocc/AOCC_4.0/aocc-compiler-rel-4.0-3206-145/include]
    add: [/mnt/share/gcc-13.1/bin/../lib/gcc/x86_64-pc-linux-gnu/13.1.0/../../../../include/c++/13.1.0]
    add: [/mnt/share/gcc-13.1/bin/../lib/gcc/x86_64-pc-linux-gnu/13.1.0/../../../../include/c++/13.1.0/x86_64-pc-linux-gnu]
    add: [/mnt/share/gcc-13.1/bin/../lib/gcc/x86_64-pc-linux-gnu/13.1.0/../../../../include/c++/13.1.0/backward]
    add: [/mnt/share/gcc-13.1/bin/../lib/gcc/x86_64-pc-linux-gnu/13.1.0/include]
    add: [/mnt/share/gcc-13.1/bin/../lib/gcc/x86_64-pc-linux-gnu/13.1.0/include-fixed]
    add: [/usr/local/include]
    add: [/mnt/share/gcc-13.1/bin/../lib/gcc/../../include]
    add: [/usr/include]
  end of search list found
  skipping relative include dir [.]
  collapse include dir [/mnt/share/tools/aocc/AOCC_4.0/aocc-compiler-rel-4.0-3206-145/include] ==> [/mnt/share/tools/aocc/AOCC_4.0/aocc-compiler-rel-4.0-3206-145/include]
  collapse include dir [/mnt/share/gcc-13.1/bin/../lib/gcc/x86_64-pc-linux-gnu/13.1.0/../../../../include/c++/13.1.0] ==> [/mnt/share/gcc-13.1/include/c++/13.1.0]
  collapse include dir [/mnt/share/gcc-13.1/bin/../lib/gcc/x86_64-pc-linux-gnu/13.1.0/../../../../include/c++/13.1.0/x86_64-pc-linux-gnu] ==> [/mnt/share/gcc-13.1/include/c++/13.1.0/x86_64-pc-linux-gnu]
  collapse include dir [/mnt/share/gcc-13.1/bin/../lib/gcc/x86_64-pc-linux-gnu/13.1.0/../../../../include/c++/13.1.0/backward] ==> [/mnt/share/gcc-13.1/include/c++/13.1.0/backward]
  collapse include dir [/mnt/share/gcc-13.1/bin/../lib/gcc/x86_64-pc-linux-gnu/13.1.0/include] ==> [/mnt/share/gcc-13.1/lib/gcc/x86_64-pc-linux-gnu/13.1.0/include]
  collapse include dir [/mnt/share/gcc-13.1/bin/../lib/gcc/x86_64-pc-linux-gnu/13.1.0/include-fixed] ==> [/mnt/share/gcc-13.1/lib/gcc/x86_64-pc-linux-gnu/13.1.0/include-fixed]
  collapse include dir [/usr/local/include] ==> [/usr/local/include]
  collapse include dir [/mnt/share/gcc-13.1/bin/../lib/gcc/../../include] ==> [/mnt/share/gcc-13.1/include]
  collapse include dir [/usr/include] ==> [/usr/include]
  implicit include dirs: [/mnt/share/tools/aocc/AOCC_4.0/aocc-compiler-rel-4.0-3206-145/include;/mnt/share/gcc-13.1/include/c++/13.1.0;/mnt/share/gcc-13.1/include/c++/13.1.0/x86_64-pc-linux-gnu;/mnt/share/gcc-13.1/include/c++/13.1.0/backward;/mnt/share/gcc-13.1/lib/gcc/x86_64-pc-linux-gnu/13.1.0/include;/mnt/share/gcc-13.1/lib/gcc/x86_64-pc-linux-gnu/13.1.0/include-fixed;/usr/local/include;/mnt/share/gcc-13.1/include;/usr/include]


Parsed CXX implicit link information from above output:
  link line regex: [^( *|.*[/\])(ld|CMAKE_LINK_STARTFILE-NOTFOUND|([^/\]+-)?ld|collect2)[^/\]*( |$)]
  ignore line: [Change Dir: /mnt/share/users/kasra/projects/LidDrivenCavity/final/gcc/buildavx512/CMakeFiles/CMakeTmp]
  ignore line: []
  ignore line: [Run Build Command(s):/usr/bin/gmake -f Makefile cmTC_339f5/fast && /usr/bin/gmake  -f CMakeFiles/cmTC_339f5.dir/build.make CMakeFiles/cmTC_339f5.dir/build]
  ignore line: [gmake[1]: Entering directory '/mnt/share/users/kasra/projects/LidDrivenCavity/final/gcc/buildavx512/CMakeFiles/CMakeTmp']
  ignore line: [Building CXX object CMakeFiles/cmTC_339f5.dir/CMakeCXXCompilerABI.cpp.o]
  ignore line: [/mnt/share/gcc-13.1/bin/g++   -v -o CMakeFiles/cmTC_339f5.dir/CMakeCXXCompilerABI.cpp.o -c /usr/share/cmake/Modules/CMakeCXXCompilerABI.cpp]
  ignore line: [Using built-in specs.]
  ignore line: [COLLECT_GCC=/mnt/share/gcc-13.1/bin/g++]
  ignore line: [Target: x86_64-pc-linux-gnu]
  ignore line: [Configured with: ./configure --prefix=/mnt/share/users/jjavansh/installations/gcc-13.1]
  ignore line: [Thread model: posix]
  ignore line: [Supported LTO compression algorithms: zlib zstd]
  ignore line: [gcc version 13.1.0 (GCC) ]
  ignore line: [COLLECT_GCC_OPTIONS='-v' '-o' 'CMakeFiles/cmTC_339f5.dir/CMakeCXXCompilerABI.cpp.o' '-c' '-shared-libgcc' '-mtune=generic' '-march=x86-64' '-dumpdir' 'CMakeFiles/cmTC_339f5.dir/']
  ignore line: [ /mnt/share/gcc-13.1/bin/../libexec/gcc/x86_64-pc-linux-gnu/13.1.0/cc1plus -quiet -v -iprefix /mnt/share/gcc-13.1/bin/../lib/gcc/x86_64-pc-linux-gnu/13.1.0/ -D_GNU_SOURCE /usr/share/cmake/Modules/CMakeCXXCompilerABI.cpp -quiet -dumpdir CMakeFiles/cmTC_339f5.dir/ -dumpbase CMakeCXXCompilerABI.cpp.cpp -dumpbase-ext .cpp -mtune=generic -march=x86-64 -version -o /tmp/cc8qiBPs.s]
  ignore line: [GNU C++17 (GCC) version 13.1.0 (x86_64-pc-linux-gnu)]
  ignore line: [	compiled by GNU C version 13.1.0  GMP version 6.2.1  MPFR version 4.1.0  MPC version 1.2.1  isl version isl-0.24-GMP]
  ignore line: []
  ignore line: [GGC heuristics: --param ggc-min-expand=100 --param ggc-min-heapsize=131072]
  ignore line: [ignoring duplicate directory "/mnt/share/tools/aocc/AOCC_4.0/aocc-compiler-rel-4.0-3206-145/include"]
  ignore line: [ignoring duplicate directory "/mnt/share/tools/aocc/AOCC_4.0/aocc-compiler-rel-4.0-3206-145/include"]
  ignore line: [ignoring duplicate directory "/mnt/share/tools/aocc/AOCC_4.0/aocc-compiler-rel-4.0-3206-145/include"]
  ignore line: [ignoring duplicate directory "/mnt/share/tools/aocc/AOCC_4.0/aocc-compiler-rel-4.0-3206-145/include"]
  ignore line: [ignoring duplicate directory "/mnt/share/tools/aocc/AOCC_4.0/aocc-compiler-rel-4.0-3206-145/include"]
  ignore line: [ignoring duplicate directory "/mnt/share/tools/aocc/AOCC_4.0/aocc-compiler-rel-4.0-3206-145/include"]
  ignore line: [ignoring duplicate directory "/mnt/share/tools/aocc/AOCC_4.0/aocc-compiler-rel-4.0-3206-145/include"]
  ignore line: [ignoring duplicate directory "/mnt/share/tools/aocc/AOCC_4.0/aocc-compiler-rel-4.0-3206-145/include"]
  ignore line: [ignoring duplicate directory "/mnt/share/tools/aocc/AOCC_4.0/aocc-compiler-rel-4.0-3206-145/include"]
  ignore line: [ignoring nonexistent directory "/mnt/share/gcc-13.1/bin/../lib/gcc/x86_64-pc-linux-gnu/13.1.0/../../../../x86_64-pc-linux-gnu/include"]
  ignore line: [ignoring duplicate directory "/mnt/share/gcc-13.1/bin/../lib/gcc/../../lib/gcc/x86_64-pc-linux-gnu/13.1.0/../../../../include/c++/13.1.0"]
  ignore line: [ignoring duplicate directory "/mnt/share/gcc-13.1/bin/../lib/gcc/../../lib/gcc/x86_64-pc-linux-gnu/13.1.0/../../../../include/c++/13.1.0/x86_64-pc-linux-gnu"]
  ignore line: [ignoring duplicate directory "/mnt/share/gcc-13.1/bin/../lib/gcc/../../lib/gcc/x86_64-pc-linux-gnu/13.1.0/../../../../include/c++/13.1.0/backward"]
  ignore line: [ignoring duplicate directory "/mnt/share/gcc-13.1/bin/../lib/gcc/../../lib/gcc/x86_64-pc-linux-gnu/13.1.0/include"]
  ignore line: [ignoring duplicate directory "/mnt/share/gcc-13.1/bin/../lib/gcc/../../lib/gcc/x86_64-pc-linux-gnu/13.1.0/include-fixed"]
  ignore line: [ignoring nonexistent directory "/mnt/share/gcc-13.1/bin/../lib/gcc/../../lib/gcc/x86_64-pc-linux-gnu/13.1.0/../../../../x86_64-pc-linux-gnu/include"]
  ignore line: [#include "..." search starts here:]
  ignore line: [#include <...> search starts here:]
  ignore line: [ .]
  ignore line: [ /mnt/share/tools/aocc/AOCC_4.0/aocc-compiler-rel-4.0-3206-145/include]
  ignore line: [ /mnt/share/gcc-13.1/bin/../lib/gcc/x86_64-pc-linux-gnu/13.1.0/../../../../include/c++/13.1.0]
  ignore line: [ /mnt/share/gcc-13.1/bin/../lib/gcc/x86_64-pc-linux-gnu/13.1.0/../../../../include/c++/13.1.0/x86_64-pc-linux-gnu]
  ignore line: [ /mnt/share/gcc-13.1/bin/../lib/gcc/x86_64-pc-linux-gnu/13.1.0/../../../../include/c++/13.1.0/backward]
  ignore line: [ /mnt/share/gcc-13.1/bin/../lib/gcc/x86_64-pc-linux-gnu/13.1.0/include]
  ignore line: [ /mnt/share/gcc-13.1/bin/../lib/gcc/x86_64-pc-linux-gnu/13.1.0/include-fixed]
  ignore line: [ /usr/local/include]
  ignore line: [ /mnt/share/gcc-13.1/bin/../lib/gcc/../../include]
  ignore line: [ /usr/include]
  ignore line: [End of search list.]
  ignore line: [Compiler executable checksum: f6803c780e61c37605a0d9e0c280336f]
  ignore line: [COLLECT_GCC_OPTIONS='-v' '-o' 'CMakeFiles/cmTC_339f5.dir/CMakeCXXCompilerABI.cpp.o' '-c' '-shared-libgcc' '-mtune=generic' '-march=x86-64' '-dumpdir' 'CMakeFiles/cmTC_339f5.dir/']
  ignore line: [ as -v --64 -o CMakeFiles/cmTC_339f5.dir/CMakeCXXCompilerABI.cpp.o /tmp/cc8qiBPs.s]
  ignore line: [GNU assembler version 2.30 (x86_64-redhat-linux) using BFD version version 2.30-117.el8]
  ignore line: [COMPILER_PATH=/mnt/share/gcc-13.1/bin/../libexec/gcc/x86_64-pc-linux-gnu/13.1.0/:/mnt/share/gcc-13.1/bin/../libexec/gcc/]
  ignore line: [LIBRARY_PATH=/mnt/share/gcc-13.1/bin/../lib/gcc/x86_64-pc-linux-gnu/13.1.0/:/mnt/share/gcc-13.1/bin/../lib/gcc/:/usr/lib64/../lib64/:/usr/lib/../lib64/:/usr/lib64/../lib64/:/usr/lib/../lib64/:/usr/lib64/../lib64/:/usr/lib/../lib64/:/usr/lib64/../lib64/:/usr/lib/../lib64/:/usr/lib64/../lib64/:/usr/lib/../lib64/:/usr/lib64/../lib64/:/usr/lib/../lib64/:/usr/lib64/../lib64/:/usr/lib/../lib64/:/usr/lib64/../lib64/:/usr/lib/../lib64/:/usr/lib64/../lib64/:/usr/lib/../lib64/:/usr/lib64/../lib64/:/usr/lib/../lib64/:/mnt/share/gcc-13.1/bin/../lib/gcc/x86_64-pc-linux-gnu/13.1.0/../../../../lib64/:/lib/../lib64/:/usr/lib/../lib64/:/mnt/share/tools/aocc/AOCC_4.0/aocc-compiler-rel-4.0-3206-145/lib/:/mnt/share/tools/aocc/AOCC_4.0/aocc-compiler-rel-4.0-3206-145/lib32/:/usr/lib64/:/usr/lib/:/mnt/share/tools/aocc/AOCC_4.0/aocc-compiler-rel-4.0-3206-145/lib/:/mnt/share/tools/aocc/AOCC_4.0/aocc-compiler-rel-4.0-3206-145/lib32/:/usr/lib64/:/usr/lib/:/mnt/share/tools/aocc/AOCC_4.0/aocc-compiler-rel-4.0-3206-145/lib/:/mnt/share/tools/aocc/AOCC_4.0/aocc-compiler-rel-4.0-3206-145/lib32/:/usr/lib64/:/usr/lib/:/mnt/share/tools/aocc/AOCC_4.0/aocc-compiler-rel-4.0-3206-145/lib/:/mnt/share/tools/aocc/AOCC_4.0/aocc-compiler-rel-4.0-3206-145/lib32/:/usr/lib64/:/usr/lib/:/mnt/share/tools/aocc/AOCC_4.0/aocc-compiler-rel-4.0-3206-145/lib/:/mnt/share/tools/aocc/AOCC_4.0/aocc-compiler-rel-4.0-3206-145/lib32/:/usr/lib64/:/usr/lib/:/mnt/share/tools/aocc/AOCC_4.0/aocc-compiler-rel-4.0-3206-145/lib/:/mnt/share/tools/aocc/AOCC_4.0/aocc-compiler-rel-4.0-3206-145/lib32/:/usr/lib64/:/usr/lib/:/mnt/share/tools/aocc/AOCC_4.0/aocc-compiler-rel-4.0-3206-145/lib/:/mnt/share/tools/aocc/AOCC_4.0/aocc-compiler-rel-4.0-3206-145/lib32/:/usr/lib64/:/usr/lib/:/mnt/share/tools/aocc/AOCC_4.0/aocc-compiler-rel-4.0-3206-145/lib/:/mnt/share/tools/aocc/AOCC_4.0/aocc-compiler-rel-4.0-3206-145/lib32/:/usr/lib64/:/usr/lib/:/mnt/share/tools/aocc/AOCC_4.0/aocc-compiler-rel-4.0-3206-145/lib/:/mnt/share/tools/aocc/AOCC_4.0/aocc-compiler-rel-4.0-3206-145/lib32/:/usr/lib64/:/usr/lib/:/mnt/share/tools/aocc/AOCC_4.0/aocc-compiler-rel-4.0-3206-145/lib/:/mnt/share/tools/aocc/AOCC_4.0/aocc-compiler-rel-4.0-3206-145/lib32/:/usr/lib64/:/usr/lib/:./:/mnt/share/gcc-13.1/bin/../lib/gcc/x86_64-pc-linux-gnu/13.1.0/../../../:/lib/:/usr/lib/]
  ignore line: [COLLECT_GCC_OPTIONS='-v' '-o' 'CMakeFiles/cmTC_339f5.dir/CMakeCXXCompilerABI.cpp.o' '-c' '-shared-libgcc' '-mtune=generic' '-march=x86-64' '-dumpdir' 'CMakeFiles/cmTC_339f5.dir/CMakeCXXCompilerABI.cpp.']
  ignore line: [Linking CXX executable cmTC_339f5]
  ignore line: [/usr/bin/cmake -E cmake_link_script CMakeFiles/cmTC_339f5.dir/link.txt --verbose=1]
  ignore line: [/mnt/share/gcc-13.1/bin/g++  -v -rdynamic CMakeFiles/cmTC_339f5.dir/CMakeCXXCompilerABI.cpp.o -o cmTC_339f5 ]
  ignore line: [Using built-in specs.]
  ignore line: [COLLECT_GCC=/mnt/share/gcc-13.1/bin/g++]
  ignore line: [COLLECT_LTO_WRAPPER=/mnt/share/gcc-13.1/bin/../libexec/gcc/x86_64-pc-linux-gnu/13.1.0/lto-wrapper]
  ignore line: [Target: x86_64-pc-linux-gnu]
  ignore line: [Configured with: ./configure --prefix=/mnt/share/users/jjavansh/installations/gcc-13.1]
  ignore line: [Thread model: posix]
  ignore line: [Supported LTO compression algorithms: zlib zstd]
  ignore line: [gcc version 13.1.0 (GCC) ]
  ignore line: [COMPILER_PATH=/mnt/share/gcc-13.1/bin/../libexec/gcc/x86_64-pc-linux-gnu/13.1.0/:/mnt/share/gcc-13.1/bin/../libexec/gcc/]
  ignore line: [LIBRARY_PATH=/mnt/share/gcc-13.1/bin/../lib/gcc/x86_64-pc-linux-gnu/13.1.0/:/mnt/share/gcc-13.1/bin/../lib/gcc/:/usr/lib64/../lib64/:/usr/lib/../lib64/:/usr/lib64/../lib64/:/usr/lib/../lib64/:/usr/lib64/../lib64/:/usr/lib/../lib64/:/usr/lib64/../lib64/:/usr/lib/../lib64/:/usr/lib64/../lib64/:/usr/lib/../lib64/:/usr/lib64/../lib64/:/usr/lib/../lib64/:/usr/lib64/../lib64/:/usr/lib/../lib64/:/usr/lib64/../lib64/:/usr/lib/../lib64/:/usr/lib64/../lib64/:/usr/lib/../lib64/:/usr/lib64/../lib64/:/usr/lib/../lib64/:/mnt/share/gcc-13.1/bin/../lib/gcc/x86_64-pc-linux-gnu/13.1.0/../../../../lib64/:/lib/../lib64/:/usr/lib/../lib64/:/mnt/share/tools/aocc/AOCC_4.0/aocc-compiler-rel-4.0-3206-145/lib/:/mnt/share/tools/aocc/AOCC_4.0/aocc-compiler-rel-4.0-3206-145/lib32/:/usr/lib64/:/usr/lib/:/mnt/share/tools/aocc/AOCC_4.0/aocc-compiler-rel-4.0-3206-145/lib/:/mnt/share/tools/aocc/AOCC_4.0/aocc-compiler-rel-4.0-3206-145/lib32/:/usr/lib64/:/usr/lib/:/mnt/share/tools/aocc/AOCC_4.0/aocc-compiler-rel-4.0-3206-145/lib/:/mnt/share/tools/aocc/AOCC_4.0/aocc-compiler-rel-4.0-3206-145/lib32/:/usr/lib64/:/usr/lib/:/mnt/share/tools/aocc/AOCC_4.0/aocc-compiler-rel-4.0-3206-145/lib/:/mnt/share/tools/aocc/AOCC_4.0/aocc-compiler-rel-4.0-3206-145/lib32/:/usr/lib64/:/usr/lib/:/mnt/share/tools/aocc/AOCC_4.0/aocc-compiler-rel-4.0-3206-145/lib/:/mnt/share/tools/aocc/AOCC_4.0/aocc-compiler-rel-4.0-3206-145/lib32/:/usr/lib64/:/usr/lib/:/mnt/share/tools/aocc/AOCC_4.0/aocc-compiler-rel-4.0-3206-145/lib/:/mnt/share/tools/aocc/AOCC_4.0/aocc-compiler-rel-4.0-3206-145/lib32/:/usr/lib64/:/usr/lib/:/mnt/share/tools/aocc/AOCC_4.0/aocc-compiler-rel-4.0-3206-145/lib/:/mnt/share/tools/aocc/AOCC_4.0/aocc-compiler-rel-4.0-3206-145/lib32/:/usr/lib64/:/usr/lib/:/mnt/share/tools/aocc/AOCC_4.0/aocc-compiler-rel-4.0-3206-145/lib/:/mnt/share/tools/aocc/AOCC_4.0/aocc-compiler-rel-4.0-3206-145/lib32/:/usr/lib64/:/usr/lib/:/mnt/share/tools/aocc/AOCC_4.0/aocc-compiler-rel-4.0-3206-145/lib/:/mnt/share/tools/aocc/AOCC_4.0/aocc-compiler-rel-4.0-3206-145/lib32/:/usr/lib64/:/usr/lib/:/mnt/share/tools/aocc/AOCC_4.0/aocc-compiler-rel-4.0-3206-145/lib/:/mnt/share/tools/aocc/AOCC_4.0/aocc-compiler-rel-4.0-3206-145/lib32/:/usr/lib64/:/usr/lib/:./:/mnt/share/gcc-13.1/bin/../lib/gcc/x86_64-pc-linux-gnu/13.1.0/../../../:/lib/:/usr/lib/]
  ignore line: [COLLECT_GCC_OPTIONS='-v' '-rdynamic' '-o' 'cmTC_339f5' '-shared-libgcc' '-mtune=generic' '-march=x86-64' '-dumpdir' 'cmTC_339f5.']
  link line: [ /mnt/share/gcc-13.1/bin/../libexec/gcc/x86_64-pc-linux-gnu/13.1.0/collect2 -plugin /mnt/share/gcc-13.1/bin/../libexec/gcc/x86_64-pc-linux-gnu/13.1.0/liblto_plugin.so -plugin-opt=/mnt/share/gcc-13.1/bin/../libexec/gcc/x86_64-pc-linux-gnu/13.1.0/lto-wrapper -plugin-opt=-fresolution=/tmp/cc54Wyug.res -plugin-opt=-pass-through=-lgcc_s -plugin-opt=-pass-through=-lgcc -plugin-opt=-pass-through=-lc -plugin-opt=-pass-through=-lgcc_s -plugin-opt=-pass-through=-lgcc --eh-frame-hdr -m elf_x86_64 -export-dynamic -dynamic-linker /lib64/ld-linux-x86-64.so.2 -o cmTC_339f5 /usr/lib64/../lib64/crt1.o /usr/lib64/../lib64/crti.o /mnt/share/gcc-13.1/bin/../lib/gcc/x86_64-pc-linux-gnu/13.1.0/crtbegin.o -L/mnt/share/gcc-13.1/bin/../lib/gcc/x86_64-pc-linux-gnu/13.1.0 -L/mnt/share/gcc-13.1/bin/../lib/gcc -L/usr/lib64/../lib64 -L/usr/lib/../lib64 -L/usr/lib64/../lib64 -L/usr/lib/../lib64 -L/usr/lib64/../lib64 -L/usr/lib/../lib64 -L/usr/lib64/../lib64 -L/usr/lib/../lib64 -L/usr/lib64/../lib64 -L/usr/lib/../lib64 -L/usr/lib64/../lib64 -L/usr/lib/../lib64 -L/usr/lib64/../lib64 -L/usr/lib/../lib64 -L/usr/lib64/../lib64 -L/usr/lib/../lib64 -L/usr/lib64/../lib64 -L/usr/lib/../lib64 -L/usr/lib64/../lib64 -L/usr/lib/../lib64 -L/mnt/share/gcc-13.1/bin/../lib/gcc/x86_64-pc-linux-gnu/13.1.0/../../../../lib64 -L/lib/../lib64 -L/usr/lib/../lib64 -L/mnt/share/tools/aocc/AOCC_4.0/aocc-compiler-rel-4.0-3206-145/lib -L/mnt/share/tools/aocc/AOCC_4.0/aocc-compiler-rel-4.0-3206-145/lib32 -L/usr/lib64 -L/mnt/share/tools/aocc/AOCC_4.0/aocc-compiler-rel-4.0-3206-145/lib -L/mnt/share/tools/aocc/AOCC_4.0/aocc-compiler-rel-4.0-3206-145/lib32 -L/usr/lib64 -L/mnt/share/tools/aocc/AOCC_4.0/aocc-compiler-rel-4.0-3206-145/lib -L/mnt/share/tools/aocc/AOCC_4.0/aocc-compiler-rel-4.0-3206-145/lib32 -L/usr/lib64 -L/mnt/share/tools/aocc/AOCC_4.0/aocc-compiler-rel-4.0-3206-145/lib -L/mnt/share/tools/aocc/AOCC_4.0/aocc-compiler-rel-4.0-3206-145/lib32 -L/usr/lib64 -L/mnt/share/tools/aocc/AOCC_4.0/aocc-compiler-rel-4.0-3206-145/lib -L/mnt/share/tools/aocc/AOCC_4.0/aocc-compiler-rel-4.0-3206-145/lib32 -L/usr/lib64 -L/mnt/share/tools/aocc/AOCC_4.0/aocc-compiler-rel-4.0-3206-145/lib -L/mnt/share/tools/aocc/AOCC_4.0/aocc-compiler-rel-4.0-3206-145/lib32 -L/usr/lib64 -L/mnt/share/tools/aocc/AOCC_4.0/aocc-compiler-rel-4.0-3206-145/lib -L/mnt/share/tools/aocc/AOCC_4.0/aocc-compiler-rel-4.0-3206-145/lib32 -L/usr/lib64 -L/mnt/share/tools/aocc/AOCC_4.0/aocc-compiler-rel-4.0-3206-145/lib -L/mnt/share/tools/aocc/AOCC_4.0/aocc-compiler-rel-4.0-3206-145/lib32 -L/usr/lib64 -L/mnt/share/tools/aocc/AOCC_4.0/aocc-compiler-rel-4.0-3206-145/lib -L/mnt/share/tools/aocc/AOCC_4.0/aocc-compiler-rel-4.0-3206-145/lib32 -L/usr/lib64 -L/mnt/share/tools/aocc/AOCC_4.0/aocc-compiler-rel-4.0-3206-145/lib -L/mnt/share/tools/aocc/AOCC_4.0/aocc-compiler-rel-4.0-3206-145/lib32 -L/usr/lib64 -L. -L/mnt/share/gcc-13.1/bin/../lib/gcc/x86_64-pc-linux-gnu/13.1.0/../../.. CMakeFiles/cmTC_339f5.dir/CMakeCXXCompilerABI.cpp.o -lstdc++ -lm -lgcc_s -lgcc -lc -lgcc_s -lgcc /mnt/share/gcc-13.1/bin/../lib/gcc/x86_64-pc-linux-gnu/13.1.0/crtend.o /usr/lib64/../lib64/crtn.o]
    arg [/mnt/share/gcc-13.1/bin/../libexec/gcc/x86_64-pc-linux-gnu/13.1.0/collect2] ==> ignore
    arg [-plugin] ==> ignore
    arg [/mnt/share/gcc-13.1/bin/../libexec/gcc/x86_64-pc-linux-gnu/13.1.0/liblto_plugin.so] ==> ignore
    arg [-plugin-opt=/mnt/share/gcc-13.1/bin/../libexec/gcc/x86_64-pc-linux-gnu/13.1.0/lto-wrapper] ==> ignore
    arg [-plugin-opt=-fresolution=/tmp/cc54Wyug.res] ==> ignore
    arg [-plugin-opt=-pass-through=-lgcc_s] ==> ignore
    arg [-plugin-opt=-pass-through=-lgcc] ==> ignore
    arg [-plugin-opt=-pass-through=-lc] ==> ignore
    arg [-plugin-opt=-pass-through=-lgcc_s] ==> ignore
    arg [-plugin-opt=-pass-through=-lgcc] ==> ignore
    arg [--eh-frame-hdr] ==> ignore
    arg [-m] ==> ignore
    arg [elf_x86_64] ==> ignore
    arg [-export-dynamic] ==> ignore
    arg [-dynamic-linker] ==> ignore
    arg [/lib64/ld-linux-x86-64.so.2] ==> ignore
    arg [-o] ==> ignore
    arg [cmTC_339f5] ==> ignore
    arg [/usr/lib64/../lib64/crt1.o] ==> obj [/usr/lib64/../lib64/crt1.o]
    arg [/usr/lib64/../lib64/crti.o] ==> obj [/usr/lib64/../lib64/crti.o]
    arg [/mnt/share/gcc-13.1/bin/../lib/gcc/x86_64-pc-linux-gnu/13.1.0/crtbegin.o] ==> obj [/mnt/share/gcc-13.1/bin/../lib/gcc/x86_64-pc-linux-gnu/13.1.0/crtbegin.o]
    arg [-L/mnt/share/gcc-13.1/bin/../lib/gcc/x86_64-pc-linux-gnu/13.1.0] ==> dir [/mnt/share/gcc-13.1/bin/../lib/gcc/x86_64-pc-linux-gnu/13.1.0]
    arg [-L/mnt/share/gcc-13.1/bin/../lib/gcc] ==> dir [/mnt/share/gcc-13.1/bin/../lib/gcc]
    arg [-L/usr/lib64/../lib64] ==> dir [/usr/lib64/../lib64]
    arg [-L/usr/lib/../lib64] ==> dir [/usr/lib/../lib64]
    arg [-L/usr/lib64/../lib64] ==> dir [/usr/lib64/../lib64]
    arg [-L/usr/lib/../lib64] ==> dir [/usr/lib/../lib64]
    arg [-L/usr/lib64/../lib64] ==> dir [/usr/lib64/../lib64]
    arg [-L/usr/lib/../lib64] ==> dir [/usr/lib/../lib64]
    arg [-L/usr/lib64/../lib64] ==> dir [/usr/lib64/../lib64]
    arg [-L/usr/lib/../lib64] ==> dir [/usr/lib/../lib64]
    arg [-L/usr/lib64/../lib64] ==> dir [/usr/lib64/../lib64]
    arg [-L/usr/lib/../lib64] ==> dir [/usr/lib/../lib64]
    arg [-L/usr/lib64/../lib64] ==> dir [/usr/lib64/../lib64]
    arg [-L/usr/lib/../lib64] ==> dir [/usr/lib/../lib64]
    arg [-L/usr/lib64/../lib64] ==> dir [/usr/lib64/../lib64]
    arg [-L/usr/lib/../lib64] ==> dir [/usr/lib/../lib64]
    arg [-L/usr/lib64/../lib64] ==> dir [/usr/lib64/../lib64]
    arg [-L/usr/lib/../lib64] ==> dir [/usr/lib/../lib64]
    arg [-L/usr/lib64/../lib64] ==> dir [/usr/lib64/../lib64]
    arg [-L/usr/lib/../lib64] ==> dir [/usr/lib/../lib64]
    arg [-L/usr/lib64/../lib64] ==> dir [/usr/lib64/../lib64]
    arg [-L/usr/lib/../lib64] ==> dir [/usr/lib/../lib64]
    arg [-L/mnt/share/gcc-13.1/bin/../lib/gcc/x86_64-pc-linux-gnu/13.1.0/../../../../lib64] ==> dir [/mnt/share/gcc-13.1/bin/../lib/gcc/x86_64-pc-linux-gnu/13.1.0/../../../../lib64]
    arg [-L/lib/../lib64] ==> dir [/lib/../lib64]
    arg [-L/usr/lib/../lib64] ==> dir [/usr/lib/../lib64]
    arg [-L/mnt/share/tools/aocc/AOCC_4.0/aocc-compiler-rel-4.0-3206-145/lib] ==> dir [/mnt/share/tools/aocc/AOCC_4.0/aocc-compiler-rel-4.0-3206-145/lib]
    arg [-L/mnt/share/tools/aocc/AOCC_4.0/aocc-compiler-rel-4.0-3206-145/lib32] ==> dir [/mnt/share/tools/aocc/AOCC_4.0/aocc-compiler-rel-4.0-3206-145/lib32]
    arg [-L/usr/lib64] ==> dir [/usr/lib64]
    arg [-L/mnt/share/tools/aocc/AOCC_4.0/aocc-compiler-rel-4.0-3206-145/lib] ==> dir [/mnt/share/tools/aocc/AOCC_4.0/aocc-compiler-rel-4.0-3206-145/lib]
    arg [-L/mnt/share/tools/aocc/AOCC_4.0/aocc-compiler-rel-4.0-3206-145/lib32] ==> dir [/mnt/share/tools/aocc/AOCC_4.0/aocc-compiler-rel-4.0-3206-145/lib32]
    arg [-L/usr/lib64] ==> dir [/usr/lib64]
    arg [-L/mnt/share/tools/aocc/AOCC_4.0/aocc-compiler-rel-4.0-3206-145/lib] ==> dir [/mnt/share/tools/aocc/AOCC_4.0/aocc-compiler-rel-4.0-3206-145/lib]
    arg [-L/mnt/share/tools/aocc/AOCC_4.0/aocc-compiler-rel-4.0-3206-145/lib32] ==> dir [/mnt/share/tools/aocc/AOCC_4.0/aocc-compiler-rel-4.0-3206-145/lib32]
    arg [-L/usr/lib64] ==> dir [/usr/lib64]
    arg [-L/mnt/share/tools/aocc/AOCC_4.0/aocc-compiler-rel-4.0-3206-145/lib] ==> dir [/mnt/share/tools/aocc/AOCC_4.0/aocc-compiler-rel-4.0-3206-145/lib]
    arg [-L/mnt/share/tools/aocc/AOCC_4.0/aocc-compiler-rel-4.0-3206-145/lib32] ==> dir [/mnt/share/tools/aocc/AOCC_4.0/aocc-compiler-rel-4.0-3206-145/lib32]
    arg [-L/usr/lib64] ==> dir [/usr/lib64]
    arg [-L/mnt/share/tools/aocc/AOCC_4.0/aocc-compiler-rel-4.0-3206-145/lib] ==> dir [/mnt/share/tools/aocc/AOCC_4.0/aocc-compiler-rel-4.0-3206-145/lib]
    arg [-L/mnt/share/tools/aocc/AOCC_4.0/aocc-compiler-rel-4.0-3206-145/lib32] ==> dir [/mnt/share/tools/aocc/AOCC_4.0/aocc-compiler-rel-4.0-3206-145/lib32]
    arg [-L/usr/lib64] ==> dir [/usr/lib64]
    arg [-L/mnt/share/tools/aocc/AOCC_4.0/aocc-compiler-rel-4.0-3206-145/lib] ==> dir [/mnt/share/tools/aocc/AOCC_4.0/aocc-compiler-rel-4.0-3206-145/lib]
    arg [-L/mnt/share/tools/aocc/AOCC_4.0/aocc-compiler-rel-4.0-3206-145/lib32] ==> dir [/mnt/share/tools/aocc/AOCC_4.0/aocc-compiler-rel-4.0-3206-145/lib32]
    arg [-L/usr/lib64] ==> dir [/usr/lib64]
    arg [-L/mnt/share/tools/aocc/AOCC_4.0/aocc-compiler-rel-4.0-3206-145/lib] ==> dir [/mnt/share/tools/aocc/AOCC_4.0/aocc-compiler-rel-4.0-3206-145/lib]
    arg [-L/mnt/share/tools/aocc/AOCC_4.0/aocc-compiler-rel-4.0-3206-145/lib32] ==> dir [/mnt/share/tools/aocc/AOCC_4.0/aocc-compiler-rel-4.0-3206-145/lib32]
    arg [-L/usr/lib64] ==> dir [/usr/lib64]
    arg [-L/mnt/share/tools/aocc/AOCC_4.0/aocc-compiler-rel-4.0-3206-145/lib] ==> dir [/mnt/share/tools/aocc/AOCC_4.0/aocc-compiler-rel-4.0-3206-145/lib]
    arg [-L/mnt/share/tools/aocc/AOCC_4.0/aocc-compiler-rel-4.0-3206-145/lib32] ==> dir [/mnt/share/tools/aocc/AOCC_4.0/aocc-compiler-rel-4.0-3206-145/lib32]
    arg [-L/usr/lib64] ==> dir [/usr/lib64]
    arg [-L/mnt/share/tools/aocc/AOCC_4.0/aocc-compiler-rel-4.0-3206-145/lib] ==> dir [/mnt/share/tools/aocc/AOCC_4.0/aocc-compiler-rel-4.0-3206-145/lib]
    arg [-L/mnt/share/tools/aocc/AOCC_4.0/aocc-compiler-rel-4.0-3206-145/lib32] ==> dir [/mnt/share/tools/aocc/AOCC_4.0/aocc-compiler-rel-4.0-3206-145/lib32]
    arg [-L/usr/lib64] ==> dir [/usr/lib64]
    arg [-L/mnt/share/tools/aocc/AOCC_4.0/aocc-compiler-rel-4.0-3206-145/lib] ==> dir [/mnt/share/tools/aocc/AOCC_4.0/aocc-compiler-rel-4.0-3206-145/lib]
    arg [-L/mnt/share/tools/aocc/AOCC_4.0/aocc-compiler-rel-4.0-3206-145/lib32] ==> dir [/mnt/share/tools/aocc/AOCC_4.0/aocc-compiler-rel-4.0-3206-145/lib32]
    arg [-L/usr/lib64] ==> dir [/usr/lib64]
    arg [-L.] ==> ignore
    arg [-L/mnt/share/gcc-13.1/bin/../lib/gcc/x86_64-pc-linux-gnu/13.1.0/../../..] ==> dir [/mnt/share/gcc-13.1/bin/../lib/gcc/x86_64-pc-linux-gnu/13.1.0/../../..]
    arg [CMakeFiles/cmTC_339f5.dir/CMakeCXXCompilerABI.cpp.o] ==> ignore
    arg [-lstdc++] ==> lib [stdc++]
    arg [-lm] ==> lib [m]
    arg [-lgcc_s] ==> lib [gcc_s]
    arg [-lgcc] ==> lib [gcc]
    arg [-lc] ==> lib [c]
    arg [-lgcc_s] ==> lib [gcc_s]
    arg [-lgcc] ==> lib [gcc]
    arg [/mnt/share/gcc-13.1/bin/../lib/gcc/x86_64-pc-linux-gnu/13.1.0/crtend.o] ==> obj [/mnt/share/gcc-13.1/bin/../lib/gcc/x86_64-pc-linux-gnu/13.1.0/crtend.o]
    arg [/usr/lib64/../lib64/crtn.o] ==> obj [/usr/lib64/../lib64/crtn.o]
  collapse obj [/usr/lib64/../lib64/crt1.o] ==> [/usr/lib64/crt1.o]
  collapse obj [/usr/lib64/../lib64/crti.o] ==> [/usr/lib64/crti.o]
  collapse obj [/mnt/share/gcc-13.1/bin/../lib/gcc/x86_64-pc-linux-gnu/13.1.0/crtbegin.o] ==> [/mnt/share/gcc-13.1/lib/gcc/x86_64-pc-linux-gnu/13.1.0/crtbegin.o]
  collapse obj [/mnt/share/gcc-13.1/bin/../lib/gcc/x86_64-pc-linux-gnu/13.1.0/crtend.o] ==> [/mnt/share/gcc-13.1/lib/gcc/x86_64-pc-linux-gnu/13.1.0/crtend.o]
  collapse obj [/usr/lib64/../lib64/crtn.o] ==> [/usr/lib64/crtn.o]
  collapse library dir [/mnt/share/gcc-13.1/bin/../lib/gcc/x86_64-pc-linux-gnu/13.1.0] ==> [/mnt/share/gcc-13.1/lib/gcc/x86_64-pc-linux-gnu/13.1.0]
  collapse library dir [/mnt/share/gcc-13.1/bin/../lib/gcc] ==> [/mnt/share/gcc-13.1/lib/gcc]
  collapse library dir [/usr/lib64/../lib64] ==> [/usr/lib64]
  collapse library dir [/usr/lib/../lib64] ==> [/usr/lib64]
  collapse library dir [/usr/lib64/../lib64] ==> [/usr/lib64]
  collapse library dir [/usr/lib/../lib64] ==> [/usr/lib64]
  collapse library dir [/usr/lib64/../lib64] ==> [/usr/lib64]
  collapse library dir [/usr/lib/../lib64] ==> [/usr/lib64]
  collapse library dir [/usr/lib64/../lib64] ==> [/usr/lib64]
  collapse library dir [/usr/lib/../lib64] ==> [/usr/lib64]
  collapse library dir [/usr/lib64/../lib64] ==> [/usr/lib64]
  collapse library dir [/usr/lib/../lib64] ==> [/usr/lib64]
  collapse library dir [/usr/lib64/../lib64] ==> [/usr/lib64]
  collapse library dir [/usr/lib/../lib64] ==> [/usr/lib64]
  collapse library dir [/usr/lib64/../lib64] ==> [/usr/lib64]
  collapse library dir [/usr/lib/../lib64] ==> [/usr/lib64]
  collapse library dir [/usr/lib64/../lib64] ==> [/usr/lib64]
  collapse library dir [/usr/lib/../lib64] ==> [/usr/lib64]
  collapse library dir [/usr/lib64/../lib64] ==> [/usr/lib64]
  collapse library dir [/usr/lib/../lib64] ==> [/usr/lib64]
  collapse library dir [/usr/lib64/../lib64] ==> [/usr/lib64]
  collapse library dir [/usr/lib/../lib64] ==> [/usr/lib64]
  collapse library dir [/mnt/share/gcc-13.1/bin/../lib/gcc/x86_64-pc-linux-gnu/13.1.0/../../../../lib64] ==> [/mnt/share/gcc-13.1/lib64]
  collapse library dir [/lib/../lib64] ==> [/lib64]
  collapse library dir [/usr/lib/../lib64] ==> [/usr/lib64]
  collapse library dir [/mnt/share/tools/aocc/AOCC_4.0/aocc-compiler-rel-4.0-3206-145/lib] ==> [/mnt/share/tools/aocc/AOCC_4.0/aocc-compiler-rel-4.0-3206-145/lib]
  collapse library dir [/mnt/share/tools/aocc/AOCC_4.0/aocc-compiler-rel-4.0-3206-145/lib32] ==> [/mnt/share/tools/aocc/AOCC_4.0/aocc-compiler-rel-4.0-3206-145/lib32]
  collapse library dir [/usr/lib64] ==> [/usr/lib64]
  collapse library dir [/mnt/share/tools/aocc/AOCC_4.0/aocc-compiler-rel-4.0-3206-145/lib] ==> [/mnt/share/tools/aocc/AOCC_4.0/aocc-compiler-rel-4.0-3206-145/lib]
  collapse library dir [/mnt/share/tools/aocc/AOCC_4.0/aocc-compiler-rel-4.0-3206-145/lib32] ==> [/mnt/share/tools/aocc/AOCC_4.0/aocc-compiler-rel-4.0-3206-145/lib32]
  collapse library dir [/usr/lib64] ==> [/usr/lib64]
  collapse library dir [/mnt/share/tools/aocc/AOCC_4.0/aocc-compiler-rel-4.0-3206-145/lib] ==> [/mnt/share/tools/aocc/AOCC_4.0/aocc-compiler-rel-4.0-3206-145/lib]
  collapse library dir [/mnt/share/tools/aocc/AOCC_4.0/aocc-compiler-rel-4.0-3206-145/lib32] ==> [/mnt/share/tools/aocc/AOCC_4.0/aocc-compiler-rel-4.0-3206-145/lib32]
  collapse library dir [/usr/lib64] ==> [/usr/lib64]
  collapse library dir [/mnt/share/tools/aocc/AOCC_4.0/aocc-compiler-rel-4.0-3206-145/lib] ==> [/mnt/share/tools/aocc/AOCC_4.0/aocc-compiler-rel-4.0-3206-145/lib]
  collapse library dir [/mnt/share/tools/aocc/AOCC_4.0/aocc-compiler-rel-4.0-3206-145/lib32] ==> [/mnt/share/tools/aocc/AOCC_4.0/aocc-compiler-rel-4.0-3206-145/lib32]
  collapse library dir [/usr/lib64] ==> [/usr/lib64]
  collapse library dir [/mnt/share/tools/aocc/AOCC_4.0/aocc-compiler-rel-4.0-3206-145/lib] ==> [/mnt/share/tools/aocc/AOCC_4.0/aocc-compiler-rel-4.0-3206-145/lib]
  collapse library dir [/mnt/share/tools/aocc/AOCC_4.0/aocc-compiler-rel-4.0-3206-145/lib32] ==> [/mnt/share/tools/aocc/AOCC_4.0/aocc-compiler-rel-4.0-3206-145/lib32]
  collapse library dir [/usr/lib64] ==> [/usr/lib64]
  collapse library dir [/mnt/share/tools/aocc/AOCC_4.0/aocc-compiler-rel-4.0-3206-145/lib] ==> [/mnt/share/tools/aocc/AOCC_4.0/aocc-compiler-rel-4.0-3206-145/lib]
  collapse library dir [/mnt/share/tools/aocc/AOCC_4.0/aocc-compiler-rel-4.0-3206-145/lib32] ==> [/mnt/share/tools/aocc/AOCC_4.0/aocc-compiler-rel-4.0-3206-145/lib32]
  collapse library dir [/usr/lib64] ==> [/usr/lib64]
  collapse library dir [/mnt/share/tools/aocc/AOCC_4.0/aocc-compiler-rel-4.0-3206-145/lib] ==> [/mnt/share/tools/aocc/AOCC_4.0/aocc-compiler-rel-4.0-3206-145/lib]
  collapse library dir [/mnt/share/tools/aocc/AOCC_4.0/aocc-compiler-rel-4.0-3206-145/lib32] ==> [/mnt/share/tools/aocc/AOCC_4.0/aocc-compiler-rel-4.0-3206-145/lib32]
  collapse library dir [/usr/lib64] ==> [/usr/lib64]
  collapse library dir [/mnt/share/tools/aocc/AOCC_4.0/aocc-compiler-rel-4.0-3206-145/lib] ==> [/mnt/share/tools/aocc/AOCC_4.0/aocc-compiler-rel-4.0-3206-145/lib]
  collapse library dir [/mnt/share/tools/aocc/AOCC_4.0/aocc-compiler-rel-4.0-3206-145/lib32] ==> [/mnt/share/tools/aocc/AOCC_4.0/aocc-compiler-rel-4.0-3206-145/lib32]
  collapse library dir [/usr/lib64] ==> [/usr/lib64]
  collapse library dir [/mnt/share/tools/aocc/AOCC_4.0/aocc-compiler-rel-4.0-3206-145/lib] ==> [/mnt/share/tools/aocc/AOCC_4.0/aocc-compiler-rel-4.0-3206-145/lib]
  collapse library dir [/mnt/share/tools/aocc/AOCC_4.0/aocc-compiler-rel-4.0-3206-145/lib32] ==> [/mnt/share/tools/aocc/AOCC_4.0/aocc-compiler-rel-4.0-3206-145/lib32]
  collapse library dir [/usr/lib64] ==> [/usr/lib64]
  collapse library dir [/mnt/share/tools/aocc/AOCC_4.0/aocc-compiler-rel-4.0-3206-145/lib] ==> [/mnt/share/tools/aocc/AOCC_4.0/aocc-compiler-rel-4.0-3206-145/lib]
  collapse library dir [/mnt/share/tools/aocc/AOCC_4.0/aocc-compiler-rel-4.0-3206-145/lib32] ==> [/mnt/share/tools/aocc/AOCC_4.0/aocc-compiler-rel-4.0-3206-145/lib32]
  collapse library dir [/usr/lib64] ==> [/usr/lib64]
  collapse library dir [/mnt/share/gcc-13.1/bin/../lib/gcc/x86_64-pc-linux-gnu/13.1.0/../../..] ==> [/mnt/share/gcc-13.1/lib]
  implicit libs: [stdc++;m;gcc_s;gcc;c;gcc_s;gcc]
  implicit objs: [/usr/lib64/crt1.o;/usr/lib64/crti.o;/mnt/share/gcc-13.1/lib/gcc/x86_64-pc-linux-gnu/13.1.0/crtbegin.o;/mnt/share/gcc-13.1/lib/gcc/x86_64-pc-linux-gnu/13.1.0/crtend.o;/usr/lib64/crtn.o]
  implicit dirs: [/mnt/share/gcc-13.1/lib/gcc/x86_64-pc-linux-gnu/13.1.0;/mnt/share/gcc-13.1/lib/gcc;/usr/lib64;/mnt/share/gcc-13.1/lib64;/lib64;/mnt/share/tools/aocc/AOCC_4.0/aocc-compiler-rel-4.0-3206-145/lib;/mnt/share/tools/aocc/AOCC_4.0/aocc-compiler-rel-4.0-3206-145/lib32;/mnt/share/gcc-13.1/lib]
  implicit fwks: []


